{"level":"error","message":"\u001b[31mFailed to migrate stack: blt477ba55f9a67bcdf please check error logs for more info\u001b[39m","timestamp":"2018-12-06T06:36:16.658Z"}
{"level":"error","message":"Failed to download assets due to the following error: {}","timestamp":"2018-12-06T11:43:20.925Z"}
{"level":"error","message":"\u001b[31mFailed to migrate stack: blt477ba55f9a67bcdf please check error logs for more info\u001b[39m","timestamp":"2018-12-06T11:43:20.928Z"}
{"level":"error","message":"Failed to download assets due to the following error: {}","timestamp":"2018-12-06T11:43:38.688Z"}
{"level":"error","message":"\u001b[31mFailed to migrate stack: blt477ba55f9a67bcdf please check error logs for more info\u001b[39m","timestamp":"2018-12-06T11:43:38.691Z"}
{"level":"error","message":"Failed to download assets due to the following error: {}","timestamp":"2018-12-06T11:44:21.848Z"}
{"level":"error","message":"\u001b[31mFailed to migrate stack: blt477ba55f9a67bcdf please check error logs for more info\u001b[39m","timestamp":"2018-12-06T11:44:21.851Z"}
{"level":"error","message":"Failed to download assets due to the following error: {}","timestamp":"2018-12-06T11:46:48.116Z"}
{"level":"error","message":"\u001b[31mFailed to migrate stack: blt477ba55f9a67bcdf please check error logs for more info\u001b[39m","timestamp":"2018-12-06T11:46:48.119Z"}
{"level":"error","message":"Failed to download assets due to the following error: {}","timestamp":"2018-12-06T11:51:10.321Z"}
{"level":"error","message":"\u001b[31mFailed to migrate stack: blt477ba55f9a67bcdf please check error logs for more info\u001b[39m","timestamp":"2018-12-06T11:51:10.324Z"}
{"level":"error","message":"Asset export failed due to the following errrors {}","timestamp":"2018-12-06T11:52:38.476Z"}
{"level":"error","message":"\u001b[31mFailed to migrate stack: blt477ba55f9a67bcdf please check error logs for more info\u001b[39m","timestamp":"2018-12-06T11:52:38.479Z"}
{"level":"error","message":"Asset export failed due to the following errrors {}","timestamp":"2018-12-06T11:53:27.795Z"}
{"level":"error","message":"\u001b[31mFailed to migrate stack: blt477ba55f9a67bcdf please check error logs for more info\u001b[39m","timestamp":"2018-12-06T11:53:27.797Z"}
{"level":"error","message":"The following asset failed to download\n{\"uid\":\"bltb2a90d456cbc23d1\",\"content_type\":\"image/png\",\"file_size\":\"1464\",\"tags\":[],\"filename\":\"if_icon-72-lightning_316154_(1).png\",\"url\":\"https://images.contentstack.io/v3/assets/blt477ba55f9a67bcdf/bltb2a90d456cbc23d1/5bc9789242aecb3b35f14039/if_icon-72-lightning_316154_(1).png\",\"ACL\":{},\"is_dir\":false,\"_version\":1,\"title\":\"if_icon-72-lightning_316154_(1).png\"}","timestamp":"2018-12-06T13:26:41.557Z"}
{"level":"error","message":"{}","timestamp":"2018-12-06T13:26:41.559Z"}
{"level":"error","message":"The following asset failed to download\n{\"uid\":\"bltec2436f4dfef03ae\",\"content_type\":\"image/jpeg\",\"file_size\":\"5899\",\"tags\":[],\"filename\":\"images_(2).jpg\",\"url\":\"https://images.contentstack.io/v3/assets/blt477ba55f9a67bcdf/bltec2436f4dfef03ae/5bc9788baf52fe9f06f99aa8/images_(2).jpg\",\"ACL\":{},\"is_dir\":false,\"_version\":1,\"title\":\"images_(2).jpg\"}","timestamp":"2018-12-06T13:26:41.578Z"}
{"level":"error","message":"{}","timestamp":"2018-12-06T13:26:41.578Z"}
{"level":"error","message":"The following asset failed to download\n{\"uid\":\"bltd81c093b2afdb012\",\"content_type\":\"image/png\",\"file_size\":\"3800\",\"tags\":[],\"filename\":\"contentstack.png\",\"url\":\"https://images.contentstack.io/v3/assets/blt477ba55f9a67bcdf/bltd81c093b2afdb012/5bc97898197e4df234347a41/contentstack.png\",\"ACL\":{},\"is_dir\":false,\"_version\":1,\"title\":\"contentstack.png\"}","timestamp":"2018-12-06T13:26:41.588Z"}
{"level":"error","message":"{}","timestamp":"2018-12-06T13:26:41.588Z"}
{"level":"error","message":"The following asset failed to download\n{\"uid\":\"bltcc83baa17ec20ac6\",\"content_type\":\"image/png\",\"file_size\":\"97789\",\"tags\":[],\"filename\":\"Integrate-with-bg.png\",\"url\":\"https://images.contentstack.io/v3/assets/blt477ba55f9a67bcdf/bltcc83baa17ec20ac6/5bc97895f1227ebf5945007f/Integrate-with-bg.png\",\"ACL\":{},\"is_dir\":false,\"_version\":1,\"title\":\"Integrate-with-bg.png\"}","timestamp":"2018-12-06T13:26:41.605Z"}
{"level":"error","message":"{}","timestamp":"2018-12-06T13:26:41.606Z"}
{"level":"error","message":"The following asset failed to download\n{\"uid\":\"blt777dd2715f8ee4a7\",\"content_type\":\"image/jpeg\",\"file_size\":\"5990\",\"tags\":[],\"filename\":\"images_(1).jpg\",\"url\":\"https://images.contentstack.io/v3/assets/blt477ba55f9a67bcdf/blt777dd2715f8ee4a7/5bc9788f8544edbe596e3ee5/images_(1).jpg\",\"ACL\":{},\"is_dir\":false,\"_version\":1,\"title\":\"images_(1).jpg\"}","timestamp":"2018-12-06T13:26:41.663Z"}
{"level":"error","message":"{}","timestamp":"2018-12-06T13:26:41.664Z"}
{"level":"error","message":"The following asset failed to download\n{\"uid\":\"blt7c99192762b8f8a7\",\"content_type\":\"image/png\",\"file_size\":\"809525\",\"tags\":[],\"filename\":\"eee8ef16-a56b-4b71-9299-475cc263d62d-original.png\",\"url\":\"https://images.contentstack.io/v3/assets/blt477ba55f9a67bcdf/blt7c99192762b8f8a7/5bc97883b126b38913d78744/eee8ef16-a56b-4b71-9299-475cc263d62d-original.png\",\"ACL\":{},\"is_dir\":false,\"_version\":1,\"title\":\"eee8ef16-a56b-4b71-9299-475cc263d62d-original.png\"}","timestamp":"2018-12-06T13:26:43.194Z"}
{"level":"error","message":"{}","timestamp":"2018-12-06T13:26:43.194Z"}
{"level":"error","message":"The following asset failed to download\n{\"uid\":\"blt2fafa6c39f7863cd\",\"content_type\":\"image/jpeg\",\"file_size\":\"5928\",\"tags\":[],\"filename\":\"images_(3).jpg\",\"url\":\"https://images.contentstack.io/v3/assets/blt477ba55f9a67bcdf/blt2fafa6c39f7863cd/5bc97888c0738e3913c8134c/images_(3).jpg\",\"ACL\":{},\"is_dir\":false,\"_version\":1,\"title\":\"images_(3).jpg\"}","timestamp":"2018-12-06T13:26:43.221Z"}
{"level":"error","message":"{}","timestamp":"2018-12-06T13:26:43.221Z"}
{"level":"error","message":"The following asset failed to download\n{\"uid\":\"bltcc5b6bd58eb172c7\",\"content_type\":\"image/jpeg\",\"file_size\":\"6560\",\"tags\":[],\"filename\":\"images_(4).jpg\",\"url\":\"https://images.contentstack.io/v3/assets/blt477ba55f9a67bcdf/bltcc5b6bd58eb172c7/5bc97886a329436d061cfdaa/images_(4).jpg\",\"ACL\":{},\"is_dir\":false,\"_version\":1,\"title\":\"images_(4).jpg\"}","timestamp":"2018-12-06T13:26:43.280Z"}
{"level":"error","message":"{}","timestamp":"2018-12-06T13:26:43.281Z"}
{"level":"error","message":"The following asset failed to download\n{\"uid\":\"bltd81c093b2afdb012\",\"content_type\":\"image/png\",\"file_size\":\"3800\",\"tags\":[],\"filename\":\"contentstack.png\",\"url\":\"https://images.contentstack.io/v3/assets/blt477ba55f9a67bcdf/bltd81c093b2afdb012/5bc97898197e4df234347a41/contentstack.png\",\"ACL\":{},\"is_dir\":false,\"_version\":1,\"title\":\"contentstack.png\"}","timestamp":"2018-12-06T13:38:25.271Z"}
{"level":"error","message":"{}","timestamp":"2018-12-06T13:38:25.273Z"}
{"level":"error","message":"The following asset failed to download\n{\"uid\":\"bltb2a90d456cbc23d1\",\"content_type\":\"image/png\",\"file_size\":\"1464\",\"tags\":[],\"filename\":\"if_icon-72-lightning_316154_(1).png\",\"url\":\"https://images.contentstack.io/v3/assets/blt477ba55f9a67bcdf/bltb2a90d456cbc23d1/5bc9789242aecb3b35f14039/if_icon-72-lightning_316154_(1).png\",\"ACL\":{},\"is_dir\":false,\"_version\":1,\"title\":\"if_icon-72-lightning_316154_(1).png\"}","timestamp":"2018-12-06T13:38:25.303Z"}
{"level":"error","message":"{}","timestamp":"2018-12-06T13:38:25.303Z"}
{"level":"error","message":"The following asset failed to download\n{\"uid\":\"bltec2436f4dfef03ae\",\"content_type\":\"image/jpeg\",\"file_size\":\"5899\",\"tags\":[],\"filename\":\"images_(2).jpg\",\"url\":\"https://images.contentstack.io/v3/assets/blt477ba55f9a67bcdf/bltec2436f4dfef03ae/5bc9788baf52fe9f06f99aa8/images_(2).jpg\",\"ACL\":{},\"is_dir\":false,\"_version\":1,\"title\":\"images_(2).jpg\"}","timestamp":"2018-12-06T13:38:25.310Z"}
{"level":"error","message":"{}","timestamp":"2018-12-06T13:38:25.310Z"}
{"level":"error","message":"The following asset failed to download\n{\"uid\":\"bltcc83baa17ec20ac6\",\"content_type\":\"image/png\",\"file_size\":\"97789\",\"tags\":[],\"filename\":\"Integrate-with-bg.png\",\"url\":\"https://images.contentstack.io/v3/assets/blt477ba55f9a67bcdf/bltcc83baa17ec20ac6/5bc97895f1227ebf5945007f/Integrate-with-bg.png\",\"ACL\":{},\"is_dir\":false,\"_version\":1,\"title\":\"Integrate-with-bg.png\"}","timestamp":"2018-12-06T13:38:25.329Z"}
{"level":"error","message":"{}","timestamp":"2018-12-06T13:38:25.329Z"}
{"level":"error","message":"The following asset failed to download\n{\"uid\":\"blt777dd2715f8ee4a7\",\"content_type\":\"image/jpeg\",\"file_size\":\"5990\",\"tags\":[],\"filename\":\"images_(1).jpg\",\"url\":\"https://images.contentstack.io/v3/assets/blt477ba55f9a67bcdf/blt777dd2715f8ee4a7/5bc9788f8544edbe596e3ee5/images_(1).jpg\",\"ACL\":{},\"is_dir\":false,\"_version\":1,\"title\":\"images_(1).jpg\"}","timestamp":"2018-12-06T13:38:26.325Z"}
{"level":"error","message":"{}","timestamp":"2018-12-06T13:38:26.326Z"}
{"level":"error","message":"The following asset failed to download\n{\"uid\":\"blt777dd2715f8ee4a7\",\"content_type\":\"image/jpeg\",\"file_size\":\"5990\",\"tags\":[],\"filename\":\"images_(1).jpg\",\"url\":\"https://images.contentstack.io/v3/assets/blt477ba55f9a67bcdf/blt777dd2715f8ee4a7/5bc9788f8544edbe596e3ee5/images_(1).jpg\",\"ACL\":{},\"is_dir\":false,\"_version\":1,\"title\":\"images_(1).jpg\"}","timestamp":"2018-12-06T13:44:43.719Z"}
{"level":"error","message":"{}","timestamp":"2018-12-06T13:44:43.721Z"}
{"level":"error","message":"The following asset failed to download\n{\"uid\":\"bltec2436f4dfef03ae\",\"content_type\":\"image/jpeg\",\"file_size\":\"5899\",\"tags\":[],\"filename\":\"images_(2).jpg\",\"url\":\"https://images.contentstack.io/v3/assets/blt477ba55f9a67bcdf/bltec2436f4dfef03ae/5bc9788baf52fe9f06f99aa8/images_(2).jpg\",\"ACL\":{},\"is_dir\":false,\"_version\":1,\"title\":\"images_(2).jpg\"}","timestamp":"2018-12-06T13:44:43.745Z"}
{"level":"error","message":"{}","timestamp":"2018-12-06T13:44:43.745Z"}
{"level":"error","message":"The following asset failed to download\n{\"uid\":\"bltd81c093b2afdb012\",\"content_type\":\"image/png\",\"file_size\":\"3800\",\"tags\":[],\"filename\":\"contentstack.png\",\"url\":\"https://images.contentstack.io/v3/assets/blt477ba55f9a67bcdf/bltd81c093b2afdb012/5bc97898197e4df234347a41/contentstack.png\",\"ACL\":{},\"is_dir\":false,\"_version\":1,\"title\":\"contentstack.png\"}","timestamp":"2018-12-06T13:44:43.752Z"}
{"level":"error","message":"{}","timestamp":"2018-12-06T13:44:43.753Z"}
{"level":"error","message":"The following asset failed to download\n{\"uid\":\"bltcc83baa17ec20ac6\",\"content_type\":\"image/png\",\"file_size\":\"97789\",\"tags\":[],\"filename\":\"Integrate-with-bg.png\",\"url\":\"https://images.contentstack.io/v3/assets/blt477ba55f9a67bcdf/bltcc83baa17ec20ac6/5bc97895f1227ebf5945007f/Integrate-with-bg.png\",\"ACL\":{},\"is_dir\":false,\"_version\":1,\"title\":\"Integrate-with-bg.png\"}","timestamp":"2018-12-06T13:44:43.758Z"}
{"level":"error","message":"{}","timestamp":"2018-12-06T13:44:43.758Z"}
{"level":"error","message":"The following asset failed to download\n{\"uid\":\"bltb2a90d456cbc23d1\",\"content_type\":\"image/png\",\"file_size\":\"1464\",\"tags\":[],\"filename\":\"if_icon-72-lightning_316154_(1).png\",\"url\":\"https://images.contentstack.io/v3/assets/blt477ba55f9a67bcdf/bltb2a90d456cbc23d1/5bc9789242aecb3b35f14039/if_icon-72-lightning_316154_(1).png\",\"ACL\":{},\"is_dir\":false,\"_version\":1,\"title\":\"if_icon-72-lightning_316154_(1).png\"}","timestamp":"2018-12-06T13:44:43.762Z"}
{"level":"error","message":"{}","timestamp":"2018-12-06T13:44:43.762Z"}
{"level":"error","message":"The following asset failed to download\n{\"uid\":\"bltec2436f4dfef03ae\",\"content_type\":\"image/jpeg\",\"file_size\":\"5899\",\"tags\":[],\"filename\":\"images_(2).jpg\",\"url\":\"https://images.contentstack.io/v3/assets/blt477ba55f9a67bcdf/bltec2436f4dfef03ae/5bc9788baf52fe9f06f99aa8/images_(2).jpg\",\"ACL\":{},\"is_dir\":false,\"_version\":1,\"title\":\"images_(2).jpg\"}","timestamp":"2018-12-06T13:46:29.258Z"}
{"level":"error","message":"{}","timestamp":"2018-12-06T13:46:29.261Z"}
{"level":"error","message":"The following asset failed to download\n{\"uid\":\"blt777dd2715f8ee4a7\",\"content_type\":\"image/jpeg\",\"file_size\":\"5990\",\"tags\":[],\"filename\":\"images_(1).jpg\",\"url\":\"https://images.contentstack.io/v3/assets/blt477ba55f9a67bcdf/blt777dd2715f8ee4a7/5bc9788f8544edbe596e3ee5/images_(1).jpg\",\"ACL\":{},\"is_dir\":false,\"_version\":1,\"title\":\"images_(1).jpg\"}","timestamp":"2018-12-06T13:46:29.576Z"}
{"level":"error","message":"{}","timestamp":"2018-12-06T13:46:29.577Z"}
{"level":"error","message":"The following asset failed to download\n{\"uid\":\"bltcc83baa17ec20ac6\",\"content_type\":\"image/png\",\"file_size\":\"97789\",\"tags\":[],\"filename\":\"Integrate-with-bg.png\",\"url\":\"https://images.contentstack.io/v3/assets/blt477ba55f9a67bcdf/bltcc83baa17ec20ac6/5bc97895f1227ebf5945007f/Integrate-with-bg.png\",\"ACL\":{},\"is_dir\":false,\"_version\":1,\"title\":\"Integrate-with-bg.png\"}","timestamp":"2018-12-06T13:46:30.006Z"}
{"level":"error","message":"{}","timestamp":"2018-12-06T13:46:30.006Z"}
{"level":"error","message":"The following asset failed to download\n{\"uid\":\"bltb2a90d456cbc23d1\",\"content_type\":\"image/png\",\"file_size\":\"1464\",\"tags\":[],\"filename\":\"if_icon-72-lightning_316154_(1).png\",\"url\":\"https://images.contentstack.io/v3/assets/blt477ba55f9a67bcdf/bltb2a90d456cbc23d1/5bc9789242aecb3b35f14039/if_icon-72-lightning_316154_(1).png\",\"ACL\":{},\"is_dir\":false,\"_version\":1,\"title\":\"if_icon-72-lightning_316154_(1).png\"}","timestamp":"2018-12-06T13:46:30.157Z"}
{"level":"error","message":"{}","timestamp":"2018-12-06T13:46:30.157Z"}
{"level":"error","message":"The following asset failed to download\n{\"uid\":\"bltd81c093b2afdb012\",\"content_type\":\"image/png\",\"file_size\":\"3800\",\"tags\":[],\"filename\":\"contentstack.png\",\"url\":\"https://images.contentstack.io/v3/assets/blt477ba55f9a67bcdf/bltd81c093b2afdb012/5bc97898197e4df234347a41/contentstack.png\",\"ACL\":{},\"is_dir\":false,\"_version\":1,\"title\":\"contentstack.png\"}","timestamp":"2018-12-06T13:46:30.224Z"}
{"level":"error","message":"{}","timestamp":"2018-12-06T13:46:30.225Z"}
{"level":"error","message":"The following asset failed to download\n{\"uid\":\"bltb2a90d456cbc23d1\",\"content_type\":\"image/png\",\"file_size\":\"1464\",\"tags\":[],\"filename\":\"if_icon-72-lightning_316154_(1).png\",\"url\":\"https://images.contentstack.io/v3/assets/blt477ba55f9a67bcdf/bltb2a90d456cbc23d1/5bc9789242aecb3b35f14039/if_icon-72-lightning_316154_(1).png\",\"ACL\":{},\"is_dir\":false,\"_version\":1,\"title\":\"if_icon-72-lightning_316154_(1).png\"}","timestamp":"2018-12-06T13:51:44.572Z"}
{"level":"error","message":"{}","timestamp":"2018-12-06T13:51:44.573Z"}
{"level":"error","message":"The following asset failed to download\n{\"uid\":\"bltec2436f4dfef03ae\",\"content_type\":\"image/jpeg\",\"file_size\":\"5899\",\"tags\":[],\"filename\":\"images_(2).jpg\",\"url\":\"https://images.contentstack.io/v3/assets/blt477ba55f9a67bcdf/bltec2436f4dfef03ae/5bc9788baf52fe9f06f99aa8/images_(2).jpg\",\"ACL\":{},\"is_dir\":false,\"_version\":1,\"title\":\"images_(2).jpg\"}","timestamp":"2018-12-06T13:51:44.614Z"}
{"level":"error","message":"{}","timestamp":"2018-12-06T13:51:44.614Z"}
{"level":"error","message":"The following asset failed to download\n{\"uid\":\"bltd81c093b2afdb012\",\"content_type\":\"image/png\",\"file_size\":\"3800\",\"tags\":[],\"filename\":\"contentstack.png\",\"url\":\"https://images.contentstack.io/v3/assets/blt477ba55f9a67bcdf/bltd81c093b2afdb012/5bc97898197e4df234347a41/contentstack.png\",\"ACL\":{},\"is_dir\":false,\"_version\":1,\"title\":\"contentstack.png\"}","timestamp":"2018-12-06T13:51:44.615Z"}
{"level":"error","message":"{}","timestamp":"2018-12-06T13:51:44.615Z"}
{"level":"error","message":"The following asset failed to download\n{\"uid\":\"blt777dd2715f8ee4a7\",\"content_type\":\"image/jpeg\",\"file_size\":\"5990\",\"tags\":[],\"filename\":\"images_(1).jpg\",\"url\":\"https://images.contentstack.io/v3/assets/blt477ba55f9a67bcdf/blt777dd2715f8ee4a7/5bc9788f8544edbe596e3ee5/images_(1).jpg\",\"ACL\":{},\"is_dir\":false,\"_version\":1,\"title\":\"images_(1).jpg\"}","timestamp":"2018-12-06T13:51:44.659Z"}
{"level":"error","message":"{}","timestamp":"2018-12-06T13:51:44.660Z"}
{"level":"error","message":"The following asset failed to download\n{\"uid\":\"bltcc83baa17ec20ac6\",\"content_type\":\"image/png\",\"file_size\":\"97789\",\"tags\":[],\"filename\":\"Integrate-with-bg.png\",\"url\":\"https://images.contentstack.io/v3/assets/blt477ba55f9a67bcdf/bltcc83baa17ec20ac6/5bc97895f1227ebf5945007f/Integrate-with-bg.png\",\"ACL\":{},\"is_dir\":false,\"_version\":1,\"title\":\"Integrate-with-bg.png\"}","timestamp":"2018-12-06T13:51:44.688Z"}
{"level":"error","message":"{}","timestamp":"2018-12-06T13:51:44.688Z"}
{"level":"error","message":"The following asset failed to download\n{\"uid\":\"bltd81c093b2afdb012\",\"content_type\":\"image/png\",\"file_size\":\"3800\",\"tags\":[],\"filename\":\"contentstack.png\",\"url\":\"https://images.contentstack.io/v3/assets/blt477ba55f9a67bcdf/bltd81c093b2afdb012/5bc97898197e4df234347a41/contentstack.png\",\"ACL\":{},\"is_dir\":false,\"_version\":1,\"title\":\"contentstack.png\"}","timestamp":"2018-12-07T06:29:41.750Z"}
{"level":"error","message":"{}","timestamp":"2018-12-07T06:29:41.752Z"}
{"level":"error","message":"The following asset failed to download\n{\"uid\":\"bltcc83baa17ec20ac6\",\"content_type\":\"image/png\",\"file_size\":\"97789\",\"tags\":[],\"filename\":\"Integrate-with-bg.png\",\"url\":\"https://images.contentstack.io/v3/assets/blt477ba55f9a67bcdf/bltcc83baa17ec20ac6/5bc97895f1227ebf5945007f/Integrate-with-bg.png\",\"ACL\":{},\"is_dir\":false,\"_version\":1,\"title\":\"Integrate-with-bg.png\"}","timestamp":"2018-12-07T06:29:41.761Z"}
{"level":"error","message":"{}","timestamp":"2018-12-07T06:29:41.761Z"}
{"level":"error","message":"The following asset failed to download\n{\"uid\":\"bltb2a90d456cbc23d1\",\"content_type\":\"image/png\",\"file_size\":\"1464\",\"tags\":[],\"filename\":\"if_icon-72-lightning_316154_(1).png\",\"url\":\"https://images.contentstack.io/v3/assets/blt477ba55f9a67bcdf/bltb2a90d456cbc23d1/5bc9789242aecb3b35f14039/if_icon-72-lightning_316154_(1).png\",\"ACL\":{},\"is_dir\":false,\"_version\":1,\"title\":\"if_icon-72-lightning_316154_(1).png\"}","timestamp":"2018-12-07T06:29:41.771Z"}
{"level":"error","message":"{}","timestamp":"2018-12-07T06:29:41.772Z"}
{"level":"error","message":"The following asset failed to download\n{\"uid\":\"blt777dd2715f8ee4a7\",\"content_type\":\"image/jpeg\",\"file_size\":\"5990\",\"tags\":[],\"filename\":\"images_(1).jpg\",\"url\":\"https://images.contentstack.io/v3/assets/blt477ba55f9a67bcdf/blt777dd2715f8ee4a7/5bc9788f8544edbe596e3ee5/images_(1).jpg\",\"ACL\":{},\"is_dir\":false,\"_version\":1,\"title\":\"images_(1).jpg\"}","timestamp":"2018-12-07T06:29:41.772Z"}
{"level":"error","message":"{}","timestamp":"2018-12-07T06:29:41.772Z"}
{"level":"error","message":"The following asset failed to download\n{\"uid\":\"bltec2436f4dfef03ae\",\"content_type\":\"image/jpeg\",\"file_size\":\"5899\",\"tags\":[],\"filename\":\"images_(2).jpg\",\"url\":\"https://images.contentstack.io/v3/assets/blt477ba55f9a67bcdf/bltec2436f4dfef03ae/5bc9788baf52fe9f06f99aa8/images_(2).jpg\",\"ACL\":{},\"is_dir\":false,\"_version\":1,\"title\":\"images_(2).jpg\"}","timestamp":"2018-12-07T06:29:41.779Z"}
{"level":"error","message":"{}","timestamp":"2018-12-07T06:29:41.779Z"}
{"level":"error","message":"The following asset failed to download\n{\"uid\":\"bltcc5b6bd58eb172c7\",\"content_type\":\"image/jpeg\",\"file_size\":\"6560\",\"tags\":[],\"filename\":\"images_(4).jpg\",\"url\":\"https://images.contentstack.io/v3/assets/blt477ba55f9a67bcdf/bltcc5b6bd58eb172c7/5bc97886a329436d061cfdaa/images_(4).jpg\",\"ACL\":{},\"is_dir\":false,\"_version\":1,\"title\":\"images_(4).jpg\"}","timestamp":"2018-12-07T06:29:43.446Z"}
{"level":"error","message":"{}","timestamp":"2018-12-07T06:29:43.446Z"}
{"level":"error","message":"The following asset failed to download\n{\"uid\":\"blt7c99192762b8f8a7\",\"content_type\":\"image/png\",\"file_size\":\"809525\",\"tags\":[],\"filename\":\"eee8ef16-a56b-4b71-9299-475cc263d62d-original.png\",\"url\":\"https://images.contentstack.io/v3/assets/blt477ba55f9a67bcdf/blt7c99192762b8f8a7/5bc97883b126b38913d78744/eee8ef16-a56b-4b71-9299-475cc263d62d-original.png\",\"ACL\":{},\"is_dir\":false,\"_version\":1,\"title\":\"eee8ef16-a56b-4b71-9299-475cc263d62d-original.png\"}","timestamp":"2018-12-07T06:29:43.451Z"}
{"level":"error","message":"{}","timestamp":"2018-12-07T06:29:43.451Z"}
{"level":"error","message":"The following asset failed to download\n{\"uid\":\"blt2fafa6c39f7863cd\",\"content_type\":\"image/jpeg\",\"file_size\":\"5928\",\"tags\":[],\"filename\":\"images_(3).jpg\",\"url\":\"https://images.contentstack.io/v3/assets/blt477ba55f9a67bcdf/blt2fafa6c39f7863cd/5bc97888c0738e3913c8134c/images_(3).jpg\",\"ACL\":{},\"is_dir\":false,\"_version\":1,\"title\":\"images_(3).jpg\"}","timestamp":"2018-12-07T06:29:43.651Z"}
{"level":"error","message":"{}","timestamp":"2018-12-07T06:29:43.652Z"}
{"level":"error","message":"The following asset failed to download\n{\"uid\":\"bltb2a90d456cbc23d1\",\"content_type\":\"image/png\",\"file_size\":\"1464\",\"tags\":[],\"filename\":\"if_icon-72-lightning_316154_(1).png\",\"url\":\"https://images.contentstack.io/v3/assets/blt477ba55f9a67bcdf/bltb2a90d456cbc23d1/5bc9789242aecb3b35f14039/if_icon-72-lightning_316154_(1).png\",\"ACL\":{},\"is_dir\":false,\"_version\":1,\"title\":\"if_icon-72-lightning_316154_(1).png\"}","timestamp":"2018-12-07T06:31:16.431Z"}
{"level":"error","message":"{}","timestamp":"2018-12-07T06:31:16.434Z"}
{"level":"error","message":"The following asset failed to download\n{\"uid\":\"bltd81c093b2afdb012\",\"content_type\":\"image/png\",\"file_size\":\"3800\",\"tags\":[],\"filename\":\"contentstack.png\",\"url\":\"https://images.contentstack.io/v3/assets/blt477ba55f9a67bcdf/bltd81c093b2afdb012/5bc97898197e4df234347a41/contentstack.png\",\"ACL\":{},\"is_dir\":false,\"_version\":1,\"title\":\"contentstack.png\"}","timestamp":"2018-12-07T06:31:16.447Z"}
{"level":"error","message":"{}","timestamp":"2018-12-07T06:31:16.447Z"}
{"level":"error","message":"The following asset failed to download\n{\"uid\":\"bltcc83baa17ec20ac6\",\"content_type\":\"image/png\",\"file_size\":\"97789\",\"tags\":[],\"filename\":\"Integrate-with-bg.png\",\"url\":\"https://images.contentstack.io/v3/assets/blt477ba55f9a67bcdf/bltcc83baa17ec20ac6/5bc97895f1227ebf5945007f/Integrate-with-bg.png\",\"ACL\":{},\"is_dir\":false,\"_version\":1,\"title\":\"Integrate-with-bg.png\"}","timestamp":"2018-12-07T06:31:16.448Z"}
{"level":"error","message":"{}","timestamp":"2018-12-07T06:31:16.448Z"}
{"level":"error","message":"The following asset failed to download\n{\"uid\":\"blt777dd2715f8ee4a7\",\"content_type\":\"image/jpeg\",\"file_size\":\"5990\",\"tags\":[],\"filename\":\"images_(1).jpg\",\"url\":\"https://images.contentstack.io/v3/assets/blt477ba55f9a67bcdf/blt777dd2715f8ee4a7/5bc9788f8544edbe596e3ee5/images_(1).jpg\",\"ACL\":{},\"is_dir\":false,\"_version\":1,\"title\":\"images_(1).jpg\"}","timestamp":"2018-12-07T06:31:16.448Z"}
{"level":"error","message":"{}","timestamp":"2018-12-07T06:31:16.448Z"}
{"level":"error","message":"The following asset failed to download\n{\"uid\":\"bltec2436f4dfef03ae\",\"content_type\":\"image/jpeg\",\"file_size\":\"5899\",\"tags\":[],\"filename\":\"images_(2).jpg\",\"url\":\"https://images.contentstack.io/v3/assets/blt477ba55f9a67bcdf/bltec2436f4dfef03ae/5bc9788baf52fe9f06f99aa8/images_(2).jpg\",\"ACL\":{},\"is_dir\":false,\"_version\":1,\"title\":\"images_(2).jpg\"}","timestamp":"2018-12-07T06:31:16.460Z"}
{"level":"error","message":"{}","timestamp":"2018-12-07T06:31:16.460Z"}
{"level":"error","message":"The following asset failed to download\n{\"uid\":\"blt7c99192762b8f8a7\",\"content_type\":\"image/png\",\"file_size\":\"809525\",\"tags\":[],\"filename\":\"eee8ef16-a56b-4b71-9299-475cc263d62d-original.png\",\"url\":\"https://images.contentstack.io/v3/assets/blt477ba55f9a67bcdf/blt7c99192762b8f8a7/5bc97883b126b38913d78744/eee8ef16-a56b-4b71-9299-475cc263d62d-original.png\",\"ACL\":{},\"is_dir\":false,\"_version\":1,\"title\":\"eee8ef16-a56b-4b71-9299-475cc263d62d-original.png\"}","timestamp":"2018-12-07T06:31:18.174Z"}
{"level":"error","message":"{}","timestamp":"2018-12-07T06:31:18.174Z"}
{"level":"error","message":"The following asset failed to download\n{\"uid\":\"bltcc5b6bd58eb172c7\",\"content_type\":\"image/jpeg\",\"file_size\":\"6560\",\"tags\":[],\"filename\":\"images_(4).jpg\",\"url\":\"https://images.contentstack.io/v3/assets/blt477ba55f9a67bcdf/bltcc5b6bd58eb172c7/5bc97886a329436d061cfdaa/images_(4).jpg\",\"ACL\":{},\"is_dir\":false,\"_version\":1,\"title\":\"images_(4).jpg\"}","timestamp":"2018-12-07T06:31:18.221Z"}
{"level":"error","message":"{}","timestamp":"2018-12-07T06:31:18.222Z"}
{"level":"error","message":"The following asset failed to download\n{\"uid\":\"blt2fafa6c39f7863cd\",\"content_type\":\"image/jpeg\",\"file_size\":\"5928\",\"tags\":[],\"filename\":\"images_(3).jpg\",\"url\":\"https://images.contentstack.io/v3/assets/blt477ba55f9a67bcdf/blt2fafa6c39f7863cd/5bc97888c0738e3913c8134c/images_(3).jpg\",\"ACL\":{},\"is_dir\":false,\"_version\":1,\"title\":\"images_(3).jpg\"}","timestamp":"2018-12-07T06:31:19.816Z"}
{"level":"error","message":"{}","timestamp":"2018-12-07T06:31:19.817Z"}
{"level":"error","message":"The following asset failed to download\n{\"uid\":\"bltcc83baa17ec20ac6\",\"content_type\":\"image/png\",\"file_size\":\"97789\",\"tags\":[],\"filename\":\"Integrate-with-bg.png\",\"url\":\"https://images.contentstack.io/v3/assets/blt477ba55f9a67bcdf/bltcc83baa17ec20ac6/5bc97895f1227ebf5945007f/Integrate-with-bg.png\",\"ACL\":{},\"is_dir\":false,\"_version\":1,\"title\":\"Integrate-with-bg.png\"}","timestamp":"2018-12-07T07:06:19.947Z"}
{"level":"error","message":"{}","timestamp":"2018-12-07T07:06:19.947Z"}
{"level":"error","message":"The following asset failed to download\n{\"uid\":\"bltd81c093b2afdb012\",\"content_type\":\"image/png\",\"file_size\":\"3800\",\"tags\":[],\"filename\":\"contentstack.png\",\"url\":\"https://images.contentstack.io/v3/assets/blt477ba55f9a67bcdf/bltd81c093b2afdb012/5bc97898197e4df234347a41/contentstack.png\",\"ACL\":{},\"is_dir\":false,\"_version\":1,\"title\":\"contentstack.png\"}","timestamp":"2018-12-07T07:06:19.955Z"}
{"level":"error","message":"{}","timestamp":"2018-12-07T07:06:19.955Z"}
{"level":"error","message":"The following asset failed to download\n{\"uid\":\"blt777dd2715f8ee4a7\",\"content_type\":\"image/jpeg\",\"file_size\":\"5990\",\"tags\":[],\"filename\":\"images_(1).jpg\",\"url\":\"https://images.contentstack.io/v3/assets/blt477ba55f9a67bcdf/blt777dd2715f8ee4a7/5bc9788f8544edbe596e3ee5/images_(1).jpg\",\"ACL\":{},\"is_dir\":false,\"_version\":1,\"title\":\"images_(1).jpg\"}","timestamp":"2018-12-07T07:06:19.955Z"}
{"level":"error","message":"{}","timestamp":"2018-12-07T07:06:19.955Z"}
{"level":"error","message":"The following asset failed to download\n{\"uid\":\"bltb2a90d456cbc23d1\",\"content_type\":\"image/png\",\"file_size\":\"1464\",\"tags\":[],\"filename\":\"if_icon-72-lightning_316154_(1).png\",\"url\":\"https://images.contentstack.io/v3/assets/blt477ba55f9a67bcdf/bltb2a90d456cbc23d1/5bc9789242aecb3b35f14039/if_icon-72-lightning_316154_(1).png\",\"ACL\":{},\"is_dir\":false,\"_version\":1,\"title\":\"if_icon-72-lightning_316154_(1).png\"}","timestamp":"2018-12-07T07:06:21.083Z"}
{"level":"error","message":"{}","timestamp":"2018-12-07T07:06:21.083Z"}
{"level":"error","message":"The following asset failed to download\n{\"uid\":\"bltec2436f4dfef03ae\",\"content_type\":\"image/jpeg\",\"file_size\":\"5899\",\"tags\":[],\"filename\":\"images_(2).jpg\",\"url\":\"https://images.contentstack.io/v3/assets/blt477ba55f9a67bcdf/bltec2436f4dfef03ae/5bc9788baf52fe9f06f99aa8/images_(2).jpg\",\"ACL\":{},\"is_dir\":false,\"_version\":1,\"title\":\"images_(2).jpg\"}","timestamp":"2018-12-07T07:06:21.671Z"}
{"level":"error","message":"{}","timestamp":"2018-12-07T07:06:21.671Z"}
{"level":"error","message":"The following asset failed to download\n{\"uid\":\"bltec2436f4dfef03ae\",\"content_type\":\"image/jpeg\",\"file_size\":\"5899\",\"tags\":[],\"filename\":\"images_(2).jpg\",\"url\":\"https://images.contentstack.io/v3/assets/blt477ba55f9a67bcdf/bltec2436f4dfef03ae/5bc9788baf52fe9f06f99aa8/images_(2).jpg\",\"ACL\":{},\"is_dir\":false,\"_version\":1,\"title\":\"images_(2).jpg\"}","timestamp":"2018-12-07T07:09:57.294Z"}
{"level":"error","message":"{}","timestamp":"2018-12-07T07:09:57.294Z"}
{"level":"error","message":"The following asset failed to download\n{\"uid\":\"bltb2a90d456cbc23d1\",\"content_type\":\"image/png\",\"file_size\":\"1464\",\"tags\":[],\"filename\":\"if_icon-72-lightning_316154_(1).png\",\"url\":\"https://images.contentstack.io/v3/assets/blt477ba55f9a67bcdf/bltb2a90d456cbc23d1/5bc9789242aecb3b35f14039/if_icon-72-lightning_316154_(1).png\",\"ACL\":{},\"is_dir\":false,\"_version\":1,\"title\":\"if_icon-72-lightning_316154_(1).png\"}","timestamp":"2018-12-07T07:09:57.314Z"}
{"level":"error","message":"{}","timestamp":"2018-12-07T07:09:57.314Z"}
{"level":"error","message":"The following asset failed to download\n{\"uid\":\"bltd81c093b2afdb012\",\"content_type\":\"image/png\",\"file_size\":\"3800\",\"tags\":[],\"filename\":\"contentstack.png\",\"url\":\"https://images.contentstack.io/v3/assets/blt477ba55f9a67bcdf/bltd81c093b2afdb012/5bc97898197e4df234347a41/contentstack.png\",\"ACL\":{},\"is_dir\":false,\"_version\":1,\"title\":\"contentstack.png\"}","timestamp":"2018-12-07T07:09:57.327Z"}
{"level":"error","message":"{}","timestamp":"2018-12-07T07:09:57.327Z"}
{"level":"error","message":"The following asset failed to download\n{\"uid\":\"bltcc83baa17ec20ac6\",\"content_type\":\"image/png\",\"file_size\":\"97789\",\"tags\":[],\"filename\":\"Integrate-with-bg.png\",\"url\":\"https://images.contentstack.io/v3/assets/blt477ba55f9a67bcdf/bltcc83baa17ec20ac6/5bc97895f1227ebf5945007f/Integrate-with-bg.png\",\"ACL\":{},\"is_dir\":false,\"_version\":1,\"title\":\"Integrate-with-bg.png\"}","timestamp":"2018-12-07T07:09:57.965Z"}
{"level":"error","message":"{}","timestamp":"2018-12-07T07:09:57.966Z"}
{"level":"error","message":"The following asset failed to download\n{\"uid\":\"blt7c99192762b8f8a7\",\"content_type\":\"image/png\",\"file_size\":\"809525\",\"tags\":[],\"filename\":\"eee8ef16-a56b-4b71-9299-475cc263d62d-original.png\",\"url\":\"https://images.contentstack.io/v3/assets/blt477ba55f9a67bcdf/blt7c99192762b8f8a7/5bc97883b126b38913d78744/eee8ef16-a56b-4b71-9299-475cc263d62d-original.png\",\"ACL\":{},\"is_dir\":false,\"_version\":1,\"title\":\"eee8ef16-a56b-4b71-9299-475cc263d62d-original.png\"}","timestamp":"2018-12-07T07:09:59.026Z"}
{"level":"error","message":"{}","timestamp":"2018-12-07T07:09:59.027Z"}
{"level":"error","message":"The following asset failed to download\n{\"uid\":\"bltcc5b6bd58eb172c7\",\"content_type\":\"image/jpeg\",\"file_size\":\"6560\",\"tags\":[],\"filename\":\"images_(4).jpg\",\"url\":\"https://images.contentstack.io/v3/assets/blt477ba55f9a67bcdf/bltcc5b6bd58eb172c7/5bc97886a329436d061cfdaa/images_(4).jpg\",\"ACL\":{},\"is_dir\":false,\"_version\":1,\"title\":\"images_(4).jpg\"}","timestamp":"2018-12-07T07:09:59.065Z"}
{"level":"error","message":"{}","timestamp":"2018-12-07T07:09:59.065Z"}
{"level":"error","message":"The following asset failed to download\n{\"uid\":\"blt777dd2715f8ee4a7\",\"content_type\":\"image/jpeg\",\"file_size\":\"5990\",\"tags\":[],\"filename\":\"images_(1).jpg\",\"url\":\"https://images.contentstack.io/v3/assets/blt477ba55f9a67bcdf/blt777dd2715f8ee4a7/5bc9788f8544edbe596e3ee5/images_(1).jpg\",\"ACL\":{},\"is_dir\":false,\"_version\":1,\"title\":\"images_(1).jpg\"}","timestamp":"2018-12-07T07:09:59.281Z"}
{"level":"error","message":"{}","timestamp":"2018-12-07T07:09:59.281Z"}
{"level":"error","message":"The following asset failed to download\n{\"uid\":\"blt2fafa6c39f7863cd\",\"content_type\":\"image/jpeg\",\"file_size\":\"5928\",\"tags\":[],\"filename\":\"images_(3).jpg\",\"url\":\"https://images.contentstack.io/v3/assets/blt477ba55f9a67bcdf/blt2fafa6c39f7863cd/5bc97888c0738e3913c8134c/images_(3).jpg\",\"ACL\":{},\"is_dir\":false,\"_version\":1,\"title\":\"images_(3).jpg\"}","timestamp":"2018-12-07T07:10:00.280Z"}
{"level":"error","message":"{}","timestamp":"2018-12-07T07:10:00.280Z"}
{"level":"error","message":"Asset batch 1 failed to download","timestamp":"2018-12-07T07:48:50.432Z"}
{"level":"error","message":"{}","timestamp":"2018-12-07T07:48:50.435Z"}
{"level":"error","message":"\u001b[31mFailed to migrate stack: blt477ba55f9a67bcdf please check error logs for more info\u001b[39m","timestamp":"2018-12-07T09:21:59.296Z"}
{"level":"error","message":"Please provide valid module name.","timestamp":"2018-12-07T11:50:36.357Z"}
{"level":"error","message":"\u001b[31mRan into errors while exporting locales\u001b[39m","timestamp":"2018-12-07T12:02:47.789Z"}
{"level":"error","message":"\u001b[31mRan into errors while exporting locales\u001b[39m","timestamp":"2018-12-07T12:04:21.049Z"}
{"level":"error","message":"\u001b[31mUnknown error while exporting entries\u001b[39m","timestamp":"2018-12-07T12:33:33.102Z"}
{"level":"error","message":"\u001b[30m\u001b[47mError: connect ETIMEDOUT 54.149.185.192:443\u001b[49m\u001b[39m","timestamp":"2018-12-07T12:33:33.102Z"}
{"level":"error","message":"\u001b[31mEntry migration failed due to the following reason: Error: connect ETIMEDOUT 54.149.185.192:443\u001b[39m","timestamp":"2018-12-07T12:33:33.103Z"}
{"level":"error","message":"\u001b[31mFailed to migrate stack: blt477ba55f9a67bcdf please check error logs for more info\u001b[39m","timestamp":"2018-12-07T12:33:33.105Z"}
