{"level":"info","message":"Batch no 1 of assets is complete","timestamp":"2018-12-06T13:26:43.281Z"}
{"level":"info","message":"Batch no 1 of assets is complete","timestamp":"2018-12-07T06:29:43.652Z"}
{"level":"info","message":"No folders were found in the stack!","timestamp":"2018-12-07T06:29:46.516Z"}
{"level":"info","message":"Asset export completed successfully","timestamp":"2018-12-07T06:29:46.516Z"}
{"level":"info","message":"\u001b[34mStack with api key: blt477ba55f9a67bcdf has been exported succesfully!\u001b[39m","timestamp":"2018-12-07T06:29:46.517Z"}
{"level":"info","message":"Batch no 1 of assets is complete","timestamp":"2018-12-07T06:31:19.818Z"}
{"level":"info","message":"No folders were found in the stack!","timestamp":"2018-12-07T06:31:21.569Z"}
{"level":"info","message":"Asset export completed successfully","timestamp":"2018-12-07T06:31:21.570Z"}
{"level":"info","message":"\u001b[34mStack with api key: blt477ba55f9a67bcdf has been exported succesfully!\u001b[39m","timestamp":"2018-12-07T06:31:21.571Z"}
{"level":"info","message":"Skipping download of { title: Integrate-with-bg.png, uid: bltcc83baa17ec20ac6 }, as they already exist","timestamp":"2018-12-07T07:06:19.942Z"}
{"level":"info","message":"Skipping download of { title: contentstack.png, uid: bltd81c093b2afdb012 }, as they already exist","timestamp":"2018-12-07T07:06:19.954Z"}
{"level":"info","message":"Skipping download of { title: images_(1).jpg, uid: blt777dd2715f8ee4a7 }, as they already exist","timestamp":"2018-12-07T07:06:19.954Z"}
{"level":"info","message":"Skipping download of { title: if_icon-72-lightning_316154_(1).png, uid: bltb2a90d456cbc23d1 }, as they already exist","timestamp":"2018-12-07T07:06:21.081Z"}
{"level":"info","message":"Skipping download of { title: images_(2).jpg, uid: bltec2436f4dfef03ae }, as they already exist","timestamp":"2018-12-07T07:06:21.670Z"}
{"level":"info","message":"Skipping download of { title: images_(2).jpg, uid: bltec2436f4dfef03ae }, as they already exist","timestamp":"2018-12-07T07:09:57.287Z"}
{"level":"info","message":"Skipping download of { title: if_icon-72-lightning_316154_(1).png, uid: bltb2a90d456cbc23d1 }, as they already exist","timestamp":"2018-12-07T07:09:57.313Z"}
{"level":"info","message":"Skipping download of { title: contentstack.png, uid: bltd81c093b2afdb012 }, as they already exist","timestamp":"2018-12-07T07:09:57.326Z"}
{"level":"info","message":"Skipping download of { title: Integrate-with-bg.png, uid: bltcc83baa17ec20ac6 }, as they already exist","timestamp":"2018-12-07T07:09:57.964Z"}
{"level":"info","message":"Skipping download of { title: eee8ef16-a56b-4b71-9299-475cc263d62d-original.png, uid: blt7c99192762b8f8a7 }, as they already exist","timestamp":"2018-12-07T07:09:59.025Z"}
{"level":"info","message":"Skipping download of { title: images_(4).jpg, uid: bltcc5b6bd58eb172c7 }, as they already exist","timestamp":"2018-12-07T07:09:59.064Z"}
{"level":"info","message":"Skipping download of { title: images_(1).jpg, uid: blt777dd2715f8ee4a7 }, as they already exist","timestamp":"2018-12-07T07:09:59.280Z"}
{"level":"info","message":"Skipping download of { title: images_(3).jpg, uid: blt2fafa6c39f7863cd }, as they already exist","timestamp":"2018-12-07T07:10:00.279Z"}
{"level":"info","message":"Batch no 1 of assets is complete","timestamp":"2018-12-07T07:10:00.280Z"}
{"level":"info","message":"No folders were found in the stack!","timestamp":"2018-12-07T07:10:02.833Z"}
{"level":"info","message":"Asset export completed successfully","timestamp":"2018-12-07T07:10:02.833Z"}
{"level":"info","message":"\u001b[34mStack with api key: blt477ba55f9a67bcdf has been exported succesfully!\u001b[39m","timestamp":"2018-12-07T07:10:02.834Z"}
{"level":"info","message":"Skipping download of { title: images_(1).jpg, uid: blt777dd2715f8ee4a7 }, as they already exist","timestamp":"2018-12-07T07:27:53.271Z"}
{"level":"info","message":"The following asset has been downloaded successfully: blt777dd2715f8ee4a7","timestamp":"2018-12-07T07:27:53.278Z"}
{"level":"info","message":"Skipping download of { title: if_icon-72-lightning_316154_(1).png, uid: bltb2a90d456cbc23d1 }, as they already exist","timestamp":"2018-12-07T07:27:53.302Z"}
{"level":"info","message":"The following asset has been downloaded successfully: bltb2a90d456cbc23d1","timestamp":"2018-12-07T07:27:53.303Z"}
{"level":"info","message":"Skipping download of { title: images_(2).jpg, uid: bltec2436f4dfef03ae }, as they already exist","timestamp":"2018-12-07T07:27:53.317Z"}
{"level":"info","message":"The following asset has been downloaded successfully: bltec2436f4dfef03ae","timestamp":"2018-12-07T07:27:53.318Z"}
{"level":"info","message":"Skipping download of { title: contentstack.png, uid: bltd81c093b2afdb012 }, as they already exist","timestamp":"2018-12-07T07:27:54.240Z"}
{"level":"info","message":"The following asset has been downloaded successfully: bltd81c093b2afdb012","timestamp":"2018-12-07T07:27:54.241Z"}
{"level":"info","message":"Skipping download of { title: Integrate-with-bg.png, uid: bltcc83baa17ec20ac6 }, as they already exist","timestamp":"2018-12-07T07:27:54.260Z"}
{"level":"info","message":"The following asset has been downloaded successfully: bltcc83baa17ec20ac6","timestamp":"2018-12-07T07:27:54.261Z"}
{"level":"info","message":"Skipping download of { title: images_(2).jpg, uid: bltec2436f4dfef03ae }, as they already exist","timestamp":"2018-12-07T07:36:31.275Z"}
{"level":"info","message":"The following asset has been downloaded successfully: bltec2436f4dfef03ae","timestamp":"2018-12-07T07:36:31.278Z"}
{"level":"info","message":"Skipping download of { title: if_icon-72-lightning_316154_(1).png, uid: bltb2a90d456cbc23d1 }, as they already exist","timestamp":"2018-12-07T07:36:31.284Z"}
{"level":"info","message":"Skipping download of { title: contentstack.png, uid: bltd81c093b2afdb012 }, as they already exist","timestamp":"2018-12-07T07:36:31.284Z"}
{"level":"info","message":"The following asset has been downloaded successfully: bltb2a90d456cbc23d1","timestamp":"2018-12-07T07:36:31.285Z"}
{"level":"info","message":"The following asset has been downloaded successfully: bltd81c093b2afdb012","timestamp":"2018-12-07T07:36:31.285Z"}
{"level":"info","message":"Skipping download of { title: Integrate-with-bg.png, uid: bltcc83baa17ec20ac6 }, as they already exist","timestamp":"2018-12-07T07:36:31.292Z"}
{"level":"info","message":"The following asset has been downloaded successfully: bltcc83baa17ec20ac6","timestamp":"2018-12-07T07:36:31.292Z"}
{"level":"info","message":"Skipping download of { title: images_(1).jpg, uid: blt777dd2715f8ee4a7 }, as they already exist","timestamp":"2018-12-07T07:36:31.341Z"}
{"level":"info","message":"The following asset has been downloaded successfully: blt777dd2715f8ee4a7","timestamp":"2018-12-07T07:36:31.342Z"}
{"level":"info","message":"Skipping download of { title: contentstack.png, uid: bltd81c093b2afdb012 }, as they already exist","timestamp":"2018-12-07T07:38:05.743Z"}
{"level":"info","message":"The following asset has been downloaded successfully: bltd81c093b2afdb012","timestamp":"2018-12-07T07:38:05.750Z"}
{"level":"info","message":"Skipping download of { title: images_(1).jpg, uid: blt777dd2715f8ee4a7 }, as they already exist","timestamp":"2018-12-07T07:38:05.757Z"}
{"level":"info","message":"Skipping download of { title: if_icon-72-lightning_316154_(1).png, uid: bltb2a90d456cbc23d1 }, as they already exist","timestamp":"2018-12-07T07:38:05.757Z"}
{"level":"info","message":"Skipping download of { title: Integrate-with-bg.png, uid: bltcc83baa17ec20ac6 }, as they already exist","timestamp":"2018-12-07T07:38:05.757Z"}
{"level":"info","message":"The following asset has been downloaded successfully: blt777dd2715f8ee4a7","timestamp":"2018-12-07T07:38:05.758Z"}
{"level":"info","message":"The following asset has been downloaded successfully: bltb2a90d456cbc23d1","timestamp":"2018-12-07T07:38:05.758Z"}
{"level":"info","message":"The following asset has been downloaded successfully: bltcc83baa17ec20ac6","timestamp":"2018-12-07T07:38:05.758Z"}
{"level":"info","message":"Skipping download of { title: images_(2).jpg, uid: bltec2436f4dfef03ae }, as they already exist","timestamp":"2018-12-07T07:38:05.763Z"}
{"level":"info","message":"The following asset has been downloaded successfully: bltec2436f4dfef03ae","timestamp":"2018-12-07T07:38:05.764Z"}
{"level":"info","message":"Skipping download of { title: eee8ef16-a56b-4b71-9299-475cc263d62d-original.png, uid: blt7c99192762b8f8a7 }, as they already exist","timestamp":"2018-12-07T07:38:07.369Z"}
{"level":"info","message":"The following asset has been downloaded successfully: blt7c99192762b8f8a7","timestamp":"2018-12-07T07:38:07.370Z"}
{"level":"info","message":"Skipping download of { title: images_(4).jpg, uid: bltcc5b6bd58eb172c7 }, as they already exist","timestamp":"2018-12-07T07:38:07.373Z"}
{"level":"info","message":"The following asset has been downloaded successfully: bltcc5b6bd58eb172c7","timestamp":"2018-12-07T07:38:07.374Z"}
{"level":"info","message":"Skipping download of { title: images_(3).jpg, uid: blt2fafa6c39f7863cd }, as they already exist","timestamp":"2018-12-07T07:38:07.376Z"}
{"level":"info","message":"The following asset has been downloaded successfully: blt2fafa6c39f7863cd","timestamp":"2018-12-07T07:38:07.377Z"}
{"level":"info","message":"Batch no 1 of assets is complete","timestamp":"2018-12-07T07:38:07.377Z"}
{"level":"info","message":"No folders were found in the stack!","timestamp":"2018-12-07T07:38:09.011Z"}
{"level":"info","message":"Asset export completed successfully","timestamp":"2018-12-07T07:38:09.012Z"}
{"level":"info","message":"\u001b[34mStack with api key: blt477ba55f9a67bcdf has been exported succesfully!\u001b[39m","timestamp":"2018-12-07T07:38:09.013Z"}
{"level":"info","message":"Batch no 1 of assets is complete","timestamp":"2018-12-07T07:45:45.002Z"}
{"level":"info","message":"No folders were found in the stack!","timestamp":"2018-12-07T07:45:46.646Z"}
{"level":"info","message":"Asset export completed successfully","timestamp":"2018-12-07T07:45:46.647Z"}
{"level":"info","message":"\u001b[34mStack with api key: blt477ba55f9a67bcdf has been exported succesfully!\u001b[39m","timestamp":"2018-12-07T07:45:46.648Z"}
{"level":"info","message":"No folders were found in the stack!","timestamp":"2018-12-07T07:48:52.060Z"}
{"level":"info","message":"Asset export completed successfully","timestamp":"2018-12-07T07:48:52.061Z"}
{"level":"info","message":"\u001b[34mStack with api key: blt477ba55f9a67bcdf has been exported succesfully!\u001b[39m","timestamp":"2018-12-07T07:48:52.062Z"}
{"level":"info","message":"Skipping download of { title: Integrate-with-bg.png, uid: bltcc83baa17ec20ac6 }, as they already exist","timestamp":"2018-12-07T09:10:34.617Z"}
{"level":"info","message":"The following asset has been downloaded successfully: bltcc83baa17ec20ac6","timestamp":"2018-12-07T09:10:34.623Z"}
{"level":"info","message":"Skipping download of { title: if_icon-72-lightning_316154_(1).png, uid: bltb2a90d456cbc23d1 }, as they already exist","timestamp":"2018-12-07T09:10:34.628Z"}
{"level":"info","message":"Skipping download of { title: images_(1).jpg, uid: blt777dd2715f8ee4a7 }, as they already exist","timestamp":"2018-12-07T09:10:34.628Z"}
{"level":"info","message":"The following asset has been downloaded successfully: bltb2a90d456cbc23d1","timestamp":"2018-12-07T09:10:34.629Z"}
{"level":"info","message":"The following asset has been downloaded successfully: blt777dd2715f8ee4a7","timestamp":"2018-12-07T09:10:34.629Z"}
{"level":"info","message":"Skipping download of { title: contentstack.png, uid: bltd81c093b2afdb012 }, as they already exist","timestamp":"2018-12-07T09:10:34.636Z"}
{"level":"info","message":"Skipping download of { title: images_(2).jpg, uid: bltec2436f4dfef03ae }, as they already exist","timestamp":"2018-12-07T09:10:34.636Z"}
{"level":"info","message":"The following asset has been downloaded successfully: bltd81c093b2afdb012","timestamp":"2018-12-07T09:10:34.636Z"}
{"level":"info","message":"The following asset has been downloaded successfully: bltec2436f4dfef03ae","timestamp":"2018-12-07T09:10:34.636Z"}
{"level":"info","message":"No folders were found in the stack!","timestamp":"2018-12-07T09:22:01.032Z"}
{"level":"info","message":"Asset export completed successfully","timestamp":"2018-12-07T09:22:01.033Z"}
{"level":"info","message":"Skipping download of { title: images_(2).jpg, uid: bltec2436f4dfef03ae }, as they already exist","timestamp":"2018-12-07T10:23:02.436Z"}
{"level":"info","message":"The following asset has been downloaded successfully: bltec2436f4dfef03ae","timestamp":"2018-12-07T10:23:02.441Z"}
{"level":"info","message":"Skipping download of { title: contentstack.png, uid: bltd81c093b2afdb012 }, as they already exist","timestamp":"2018-12-07T10:23:02.447Z"}
{"level":"info","message":"The following asset has been downloaded successfully: bltd81c093b2afdb012","timestamp":"2018-12-07T10:23:02.448Z"}
{"level":"info","message":"Skipping download of { title: images_(1).jpg, uid: blt777dd2715f8ee4a7 }, as they already exist","timestamp":"2018-12-07T10:23:02.450Z"}
{"level":"info","message":"The following asset has been downloaded successfully: blt777dd2715f8ee4a7","timestamp":"2018-12-07T10:23:02.451Z"}
{"level":"info","message":"Skipping download of { title: if_icon-72-lightning_316154_(1).png, uid: bltb2a90d456cbc23d1 }, as they already exist","timestamp":"2018-12-07T10:23:02.455Z"}
{"level":"info","message":"The following asset has been downloaded successfully: bltb2a90d456cbc23d1","timestamp":"2018-12-07T10:23:02.456Z"}
{"level":"info","message":"Skipping download of { title: Integrate-with-bg.png, uid: bltcc83baa17ec20ac6 }, as they already exist","timestamp":"2018-12-07T10:23:02.459Z"}
{"level":"info","message":"The following asset has been downloaded successfully: bltcc83baa17ec20ac6","timestamp":"2018-12-07T10:23:02.459Z"}
{"level":"info","message":"Skipping download of { title: eee8ef16-a56b-4b71-9299-475cc263d62d-original.png, uid: blt7c99192762b8f8a7 }, as they already exist","timestamp":"2018-12-07T10:23:04.054Z"}
{"level":"info","message":"The following asset has been downloaded successfully: blt7c99192762b8f8a7","timestamp":"2018-12-07T10:23:04.055Z"}
{"level":"info","message":"Skipping download of { title: images_(4).jpg, uid: bltcc5b6bd58eb172c7 }, as they already exist","timestamp":"2018-12-07T10:23:04.091Z"}
{"level":"info","message":"The following asset has been downloaded successfully: bltcc5b6bd58eb172c7","timestamp":"2018-12-07T10:23:04.092Z"}
{"level":"info","message":"Skipping download of { title: images_(3).jpg, uid: blt2fafa6c39f7863cd }, as they already exist","timestamp":"2018-12-07T10:23:04.097Z"}
{"level":"info","message":"The following asset has been downloaded successfully: blt2fafa6c39f7863cd","timestamp":"2018-12-07T10:23:04.098Z"}
{"level":"info","message":"Batch no 1 of assets is complete","timestamp":"2018-12-07T10:23:04.099Z"}
{"level":"info","message":"No folders were found in the stack!","timestamp":"2018-12-07T10:23:05.747Z"}
{"level":"info","message":"Asset export completed successfully","timestamp":"2018-12-07T10:23:05.748Z"}
{"level":"info","message":"\u001b[34mStack with api key: blt477ba55f9a67bcdf has been exported succesfully!\u001b[39m","timestamp":"2018-12-07T10:23:05.749Z"}
{"level":"info","message":"\u001b[34mStarting content type export\u001b[39m","timestamp":"2018-12-07T11:04:51.207Z"}
{"level":"info","message":"\u001b[34mContent type export completed successfully\u001b[39m","timestamp":"2018-12-07T11:04:55.195Z"}
{"level":"info","message":"\u001b[34mStack with api key: blt477ba55f9a67bcdf has been exported succesfully!\u001b[39m","timestamp":"2018-12-07T11:04:55.196Z"}
{"level":"info","message":"\u001b[34mStarting content type export\u001b[39m","timestamp":"2018-12-07T11:48:19.866Z"}
{"level":"info","message":"\u001b[34mContent type export completed successfully\u001b[39m","timestamp":"2018-12-07T11:48:23.648Z"}
{"level":"info","message":"\u001b[34mStack with api key: blt477ba55f9a67bcdf has been exported succesfully!\u001b[39m","timestamp":"2018-12-07T11:48:23.649Z"}
{"level":"info","message":"\u001b[34mStarting environment export\u001b[39m","timestamp":"2018-12-07T11:51:07.423Z"}
{"level":"info","message":"\u001b[34mStarting environment export\u001b[39m","timestamp":"2018-12-07T11:53:07.045Z"}
{"level":"info","message":"\u001b[32mFound \u001b[35m4\u001b[32m environments in the Stack\u001b[39m","timestamp":"2018-12-07T11:53:11.588Z"}
{"level":"info","message":"\u001b[32mExported ios environment successfully\u001b[39m","timestamp":"2018-12-07T11:53:11.589Z"}
{"level":"info","message":"\u001b[32mExported android environment successfully\u001b[39m","timestamp":"2018-12-07T11:53:11.589Z"}
{"level":"info","message":"\u001b[32mExported web environment successfully\u001b[39m","timestamp":"2018-12-07T11:53:11.589Z"}
{"level":"info","message":"\u001b[32mExported development environment successfully\u001b[39m","timestamp":"2018-12-07T11:53:11.589Z"}
{"level":"info","message":"\u001b[34mAll the environments have been exported successfully\u001b[39m","timestamp":"2018-12-07T11:53:11.590Z"}
{"level":"info","message":"\u001b[34mStack with api key: blt477ba55f9a67bcdf has been exported succesfully!\u001b[39m","timestamp":"2018-12-07T11:53:11.591Z"}
{"level":"info","message":"\u001b[34mStarting locale export\u001b[39m","timestamp":"2018-12-07T12:02:45.676Z"}
{"level":"info","message":"\u001b[34mStarting locale export\u001b[39m","timestamp":"2018-12-07T12:04:18.784Z"}
{"level":"info","message":"\u001b[34mStarting locale export\u001b[39m","timestamp":"2018-12-07T12:05:27.930Z"}
{"level":"info","message":"\u001b[34mStarting locale export\u001b[39m","timestamp":"2018-12-07T12:06:59.970Z"}
{"level":"info","message":"\u001b[32mFound \u001b[35m1\u001b[32m locales in the Stack\u001b[39m","timestamp":"2018-12-07T12:07:07.241Z"}
{"level":"info","message":"\u001b[32mExported English - United Kingdom locale successfully\u001b[39m","timestamp":"2018-12-07T12:07:07.242Z"}
{"level":"info","message":"\u001b[34mAll the locales have been exported successfully\u001b[39m","timestamp":"2018-12-07T12:07:07.242Z"}
{"level":"info","message":"\u001b[34mStack with api key: blt477ba55f9a67bcdf has been exported succesfully!\u001b[39m","timestamp":"2018-12-07T12:07:07.243Z"}
{"level":"info","message":"\u001b[34mStarting locale export\u001b[39m","timestamp":"2018-12-07T12:13:39.662Z"}
{"level":"info","message":"\u001b[32mFound \u001b[35m1\u001b[32m locales in the Stack\u001b[39m","timestamp":"2018-12-07T12:13:46.980Z"}
{"level":"info","message":"\u001b[32mExported English - United Kingdom locale successfully\u001b[39m","timestamp":"2018-12-07T12:13:46.981Z"}
{"level":"info","message":"\u001b[34mAll the locales have been exported successfully\u001b[39m","timestamp":"2018-12-07T12:13:46.981Z"}
{"level":"info","message":"\u001b[34mStack with api key: blt477ba55f9a67bcdf has been exported succesfully!\u001b[39m","timestamp":"2018-12-07T12:13:46.982Z"}
{"level":"info","message":"\u001b[34mStarting entry migration\u001b[39m","timestamp":"2018-12-07T12:15:34.182Z"}
{"level":"info","message":"Completed version backup of entry: blt0607e9126d133744, version: 1, content type: section","timestamp":"2018-12-07T12:15:57.329Z"}
{"level":"info","message":"Completed version backup of entry: bltcf09ddb263758fa4, version: 1, content type: section","timestamp":"2018-12-07T12:15:59.300Z"}
{"level":"info","message":"\u001b[32mCompleted fetching section content type's entries in en-gb locale\u001b[39m","timestamp":"2018-12-07T12:16:01.267Z"}
{"level":"info","message":"Completed version backup of entry: blt6890221a965baca7, version: 2, content type: session","timestamp":"2018-12-07T12:16:05.201Z"}
{"level":"info","message":"Completed version backup of entry: blt6890221a965baca7, version: 1, content type: session","timestamp":"2018-12-07T12:16:06.905Z"}
{"level":"info","message":"Completed version backup of entry: bltb3e746c160783663, version: 2, content type: session","timestamp":"2018-12-07T12:16:08.607Z"}
{"level":"info","message":"Completed version backup of entry: bltb3e746c160783663, version: 1, content type: session","timestamp":"2018-12-07T12:16:10.309Z"}
{"level":"info","message":"Completed version backup of entry: blt623852a6d4abefa2, version: 2, content type: session","timestamp":"2018-12-07T12:16:12.032Z"}
{"level":"info","message":"Completed version backup of entry: blt623852a6d4abefa2, version: 1, content type: session","timestamp":"2018-12-07T12:16:13.735Z"}
{"level":"info","message":"Completed version backup of entry: bltf7995a699a1a3bd6, version: 2, content type: session","timestamp":"2018-12-07T12:16:15.415Z"}
{"level":"info","message":"Completed version backup of entry: bltf7995a699a1a3bd6, version: 1, content type: session","timestamp":"2018-12-07T12:16:17.122Z"}
{"level":"info","message":"Completed version backup of entry: blt685e557fa1b4f709, version: 2, content type: session","timestamp":"2018-12-07T12:16:18.834Z"}
{"level":"info","message":"Completed version backup of entry: blt685e557fa1b4f709, version: 1, content type: session","timestamp":"2018-12-07T12:16:20.572Z"}
{"level":"info","message":"Completed version backup of entry: blt338db7d268edb93c, version: 2, content type: session","timestamp":"2018-12-07T12:16:22.284Z"}
{"level":"info","message":"Completed version backup of entry: blt338db7d268edb93c, version: 1, content type: session","timestamp":"2018-12-07T12:16:23.959Z"}
{"level":"info","message":"Completed version backup of entry: blta25b4da778834eba, version: 2, content type: session","timestamp":"2018-12-07T12:16:25.630Z"}
{"level":"info","message":"Completed version backup of entry: blta25b4da778834eba, version: 1, content type: session","timestamp":"2018-12-07T12:16:27.327Z"}
{"level":"info","message":"Completed version backup of entry: blt3b965e8d65902bf6, version: 2, content type: session","timestamp":"2018-12-07T12:16:29.011Z"}
{"level":"info","message":"Completed version backup of entry: blt3b965e8d65902bf6, version: 1, content type: session","timestamp":"2018-12-07T12:16:30.810Z"}
{"level":"info","message":"Completed version backup of entry: blteeee16f727860cfc, version: 2, content type: session","timestamp":"2018-12-07T12:16:32.512Z"}
{"level":"info","message":"Completed version backup of entry: blteeee16f727860cfc, version: 1, content type: session","timestamp":"2018-12-07T12:16:34.200Z"}
{"level":"info","message":"Completed version backup of entry: bltbe9640817efeebd2, version: 2, content type: session","timestamp":"2018-12-07T12:16:35.886Z"}
{"level":"info","message":"Completed version backup of entry: bltbe9640817efeebd2, version: 1, content type: session","timestamp":"2018-12-07T12:16:37.664Z"}
{"level":"info","message":"Completed version backup of entry: blta267b987293299c8, version: 2, content type: session","timestamp":"2018-12-07T12:16:39.383Z"}
{"level":"info","message":"Completed version backup of entry: blta267b987293299c8, version: 1, content type: session","timestamp":"2018-12-07T12:16:41.418Z"}
{"level":"info","message":"Completed version backup of entry: bltf50c9e5fbef25393, version: 2, content type: session","timestamp":"2018-12-07T12:16:43.099Z"}
{"level":"info","message":"Completed version backup of entry: bltf50c9e5fbef25393, version: 1, content type: session","timestamp":"2018-12-07T12:16:44.779Z"}
{"level":"info","message":"Completed version backup of entry: bltb30cb52c2493b72e, version: 2, content type: session","timestamp":"2018-12-07T12:16:46.487Z"}
{"level":"info","message":"Completed version backup of entry: bltb30cb52c2493b72e, version: 1, content type: session","timestamp":"2018-12-07T12:16:48.181Z"}
{"level":"info","message":"Completed version backup of entry: blt5c82d08362a22670, version: 2, content type: session","timestamp":"2018-12-07T12:16:51.213Z"}
{"level":"info","message":"Completed version backup of entry: blt5c82d08362a22670, version: 1, content type: session","timestamp":"2018-12-07T12:16:52.888Z"}
{"level":"info","message":"Completed version backup of entry: blte29010dfd28ffed6, version: 2, content type: session","timestamp":"2018-12-07T12:16:54.588Z"}
{"level":"info","message":"Completed version backup of entry: blte29010dfd28ffed6, version: 1, content type: session","timestamp":"2018-12-07T12:16:56.289Z"}
{"level":"info","message":"Completed version backup of entry: blt378219065d728931, version: 2, content type: session","timestamp":"2018-12-07T12:16:57.993Z"}
{"level":"info","message":"Completed version backup of entry: blt378219065d728931, version: 1, content type: session","timestamp":"2018-12-07T12:17:00.020Z"}
{"level":"info","message":"Completed version backup of entry: blt46489897466e865b, version: 2, content type: session","timestamp":"2018-12-07T12:17:01.998Z"}
{"level":"info","message":"Completed version backup of entry: blt46489897466e865b, version: 1, content type: session","timestamp":"2018-12-07T12:17:03.715Z"}
{"level":"info","message":"Completed version backup of entry: blt059bdeaf0f4bc6f0, version: 2, content type: session","timestamp":"2018-12-07T12:17:05.418Z"}
{"level":"info","message":"Completed version backup of entry: blt059bdeaf0f4bc6f0, version: 1, content type: session","timestamp":"2018-12-07T12:17:08.235Z"}
{"level":"info","message":"Completed version backup of entry: blt71441b363b3de814, version: 2, content type: session","timestamp":"2018-12-07T12:17:09.940Z"}
{"level":"info","message":"Completed version backup of entry: blt71441b363b3de814, version: 1, content type: session","timestamp":"2018-12-07T12:17:11.698Z"}
{"level":"info","message":"Completed version backup of entry: bltd89e9773e7dbd8ef, version: 2, content type: session","timestamp":"2018-12-07T12:17:13.403Z"}
{"level":"info","message":"Completed version backup of entry: bltd89e9773e7dbd8ef, version: 1, content type: session","timestamp":"2018-12-07T12:17:15.104Z"}
{"level":"info","message":"Completed version backup of entry: blta871f118fc831f29, version: 2, content type: session","timestamp":"2018-12-07T12:17:16.806Z"}
{"level":"info","message":"Completed version backup of entry: blta871f118fc831f29, version: 1, content type: session","timestamp":"2018-12-07T12:17:19.042Z"}
{"level":"info","message":"Completed version backup of entry: blt96b09da12fa350e1, version: 2, content type: session","timestamp":"2018-12-07T12:17:21.018Z"}
{"level":"info","message":"Completed version backup of entry: blt96b09da12fa350e1, version: 1, content type: session","timestamp":"2018-12-07T12:17:22.730Z"}
{"level":"info","message":"Completed version backup of entry: blt23e55935275b72af, version: 2, content type: session","timestamp":"2018-12-07T12:17:24.442Z"}
{"level":"info","message":"Completed version backup of entry: blt23e55935275b72af, version: 1, content type: session","timestamp":"2018-12-07T12:17:26.148Z"}
{"level":"info","message":"Completed version backup of entry: blt4d9cf21018f10ca7, version: 2, content type: session","timestamp":"2018-12-07T12:17:27.852Z"}
{"level":"info","message":"Completed version backup of entry: blt4d9cf21018f10ca7, version: 1, content type: session","timestamp":"2018-12-07T12:17:29.550Z"}
{"level":"info","message":"Completed version backup of entry: blt86da9d17a37732cb, version: 2, content type: session","timestamp":"2018-12-07T12:17:31.245Z"}
{"level":"info","message":"Completed version backup of entry: blt86da9d17a37732cb, version: 1, content type: session","timestamp":"2018-12-07T12:17:32.963Z"}
{"level":"info","message":"Completed version backup of entry: blt7a02d98ebd227dee, version: 2, content type: session","timestamp":"2018-12-07T12:17:35.069Z"}
{"level":"info","message":"Completed version backup of entry: blt7a02d98ebd227dee, version: 1, content type: session","timestamp":"2018-12-07T12:17:36.836Z"}
{"level":"info","message":"Completed version backup of entry: blt1d3db98b6cad71fe, version: 2, content type: session","timestamp":"2018-12-07T12:17:38.629Z"}
{"level":"info","message":"Completed version backup of entry: blt1d3db98b6cad71fe, version: 1, content type: session","timestamp":"2018-12-07T12:17:40.331Z"}
{"level":"info","message":"Completed version backup of entry: blt018d3ca225815219, version: 2, content type: session","timestamp":"2018-12-07T12:17:42.032Z"}
{"level":"info","message":"Completed version backup of entry: blt018d3ca225815219, version: 1, content type: session","timestamp":"2018-12-07T12:17:43.711Z"}
{"level":"info","message":"Completed version backup of entry: bltce143445d5d6c251, version: 2, content type: session","timestamp":"2018-12-07T12:17:45.456Z"}
{"level":"info","message":"Completed version backup of entry: bltce143445d5d6c251, version: 1, content type: session","timestamp":"2018-12-07T12:17:47.981Z"}
{"level":"info","message":"Completed version backup of entry: bltca1b60577fe4c75e, version: 2, content type: session","timestamp":"2018-12-07T12:17:49.679Z"}
{"level":"info","message":"Completed version backup of entry: bltca1b60577fe4c75e, version: 1, content type: session","timestamp":"2018-12-07T12:17:51.372Z"}
{"level":"info","message":"Completed version backup of entry: blt6550981f06005e4a, version: 2, content type: session","timestamp":"2018-12-07T12:17:53.393Z"}
{"level":"info","message":"Completed version backup of entry: blt6550981f06005e4a, version: 1, content type: session","timestamp":"2018-12-07T12:17:55.106Z"}
{"level":"info","message":"\u001b[32mCompleted fetching session content type's entries in en-us locale\u001b[39m","timestamp":"2018-12-07T12:17:56.826Z"}
{"level":"info","message":"Completed version backup of entry: blt6890221a965baca7, version: 2, content type: session","timestamp":"2018-12-07T12:18:00.540Z"}
{"level":"info","message":"Completed version backup of entry: blt6890221a965baca7, version: 1, content type: session","timestamp":"2018-12-07T12:18:02.545Z"}
{"level":"info","message":"Completed version backup of entry: bltb3e746c160783663, version: 2, content type: session","timestamp":"2018-12-07T12:18:04.530Z"}
{"level":"info","message":"Completed version backup of entry: bltb3e746c160783663, version: 1, content type: session","timestamp":"2018-12-07T12:18:07.469Z"}
{"level":"info","message":"Completed version backup of entry: blt623852a6d4abefa2, version: 2, content type: session","timestamp":"2018-12-07T12:18:09.183Z"}
{"level":"info","message":"Completed version backup of entry: blt623852a6d4abefa2, version: 1, content type: session","timestamp":"2018-12-07T12:18:10.880Z"}
{"level":"info","message":"Completed version backup of entry: bltf7995a699a1a3bd6, version: 2, content type: session","timestamp":"2018-12-07T12:18:12.589Z"}
{"level":"info","message":"Completed version backup of entry: bltf7995a699a1a3bd6, version: 1, content type: session","timestamp":"2018-12-07T12:18:14.286Z"}
{"level":"info","message":"Completed version backup of entry: blt685e557fa1b4f709, version: 2, content type: session","timestamp":"2018-12-07T12:18:15.992Z"}
{"level":"info","message":"Completed version backup of entry: blt685e557fa1b4f709, version: 1, content type: session","timestamp":"2018-12-07T12:18:17.686Z"}
{"level":"info","message":"Completed version backup of entry: blt338db7d268edb93c, version: 2, content type: session","timestamp":"2018-12-07T12:18:19.393Z"}
{"level":"info","message":"Completed version backup of entry: blt338db7d268edb93c, version: 1, content type: session","timestamp":"2018-12-07T12:18:22.095Z"}
{"level":"info","message":"Completed version backup of entry: blta25b4da778834eba, version: 2, content type: session","timestamp":"2018-12-07T12:18:23.808Z"}
{"level":"info","message":"Completed version backup of entry: blta25b4da778834eba, version: 1, content type: session","timestamp":"2018-12-07T12:18:25.517Z"}
{"level":"info","message":"Completed version backup of entry: blt3b965e8d65902bf6, version: 2, content type: session","timestamp":"2018-12-07T12:18:27.217Z"}
{"level":"info","message":"Completed version backup of entry: blt3b965e8d65902bf6, version: 1, content type: session","timestamp":"2018-12-07T12:18:28.946Z"}
{"level":"info","message":"Completed version backup of entry: blteeee16f727860cfc, version: 2, content type: session","timestamp":"2018-12-07T12:18:30.649Z"}
{"level":"info","message":"Completed version backup of entry: blteeee16f727860cfc, version: 1, content type: session","timestamp":"2018-12-07T12:18:32.344Z"}
{"level":"info","message":"Completed version backup of entry: bltbe9640817efeebd2, version: 2, content type: session","timestamp":"2018-12-07T12:18:34.032Z"}
{"level":"info","message":"Completed version backup of entry: bltbe9640817efeebd2, version: 1, content type: session","timestamp":"2018-12-07T12:18:35.736Z"}
{"level":"info","message":"Completed version backup of entry: blta267b987293299c8, version: 2, content type: session","timestamp":"2018-12-07T12:18:37.462Z"}
{"level":"info","message":"Completed version backup of entry: blta267b987293299c8, version: 1, content type: session","timestamp":"2018-12-07T12:18:39.246Z"}
{"level":"info","message":"Completed version backup of entry: bltf50c9e5fbef25393, version: 2, content type: session","timestamp":"2018-12-07T12:18:40.958Z"}
{"level":"info","message":"Completed version backup of entry: bltf50c9e5fbef25393, version: 1, content type: session","timestamp":"2018-12-07T12:18:44.657Z"}
{"level":"info","message":"Completed version backup of entry: bltb30cb52c2493b72e, version: 2, content type: session","timestamp":"2018-12-07T12:18:46.371Z"}
{"level":"info","message":"Completed version backup of entry: bltb30cb52c2493b72e, version: 1, content type: session","timestamp":"2018-12-07T12:18:49.092Z"}
{"level":"info","message":"Completed version backup of entry: blt5c82d08362a22670, version: 2, content type: session","timestamp":"2018-12-07T12:18:50.813Z"}
{"level":"info","message":"Completed version backup of entry: blt5c82d08362a22670, version: 1, content type: session","timestamp":"2018-12-07T12:18:52.535Z"}
{"level":"info","message":"Completed version backup of entry: blte29010dfd28ffed6, version: 2, content type: session","timestamp":"2018-12-07T12:18:54.253Z"}
{"level":"info","message":"Completed version backup of entry: blte29010dfd28ffed6, version: 1, content type: session","timestamp":"2018-12-07T12:18:55.963Z"}
{"level":"info","message":"Completed version backup of entry: blt378219065d728931, version: 2, content type: session","timestamp":"2018-12-07T12:18:57.658Z"}
{"level":"info","message":"Completed version backup of entry: blt378219065d728931, version: 1, content type: session","timestamp":"2018-12-07T12:18:59.364Z"}
{"level":"info","message":"Completed version backup of entry: blt46489897466e865b, version: 2, content type: session","timestamp":"2018-12-07T12:19:01.093Z"}
{"level":"info","message":"Completed version backup of entry: blt46489897466e865b, version: 1, content type: session","timestamp":"2018-12-07T12:19:03.174Z"}
{"level":"info","message":"Completed version backup of entry: blt059bdeaf0f4bc6f0, version: 2, content type: session","timestamp":"2018-12-07T12:19:06.151Z"}
{"level":"info","message":"Completed version backup of entry: blt059bdeaf0f4bc6f0, version: 1, content type: session","timestamp":"2018-12-07T12:19:07.847Z"}
{"level":"info","message":"Completed version backup of entry: blt71441b363b3de814, version: 2, content type: session","timestamp":"2018-12-07T12:19:09.551Z"}
{"level":"info","message":"Completed version backup of entry: blt71441b363b3de814, version: 1, content type: session","timestamp":"2018-12-07T12:19:11.257Z"}
{"level":"info","message":"Completed version backup of entry: bltd89e9773e7dbd8ef, version: 2, content type: session","timestamp":"2018-12-07T12:19:12.937Z"}
{"level":"info","message":"Completed version backup of entry: bltd89e9773e7dbd8ef, version: 1, content type: session","timestamp":"2018-12-07T12:19:14.623Z"}
{"level":"info","message":"Completed version backup of entry: blta871f118fc831f29, version: 2, content type: session","timestamp":"2018-12-07T12:19:16.303Z"}
{"level":"info","message":"Completed version backup of entry: blta871f118fc831f29, version: 1, content type: session","timestamp":"2018-12-07T12:19:18.000Z"}
{"level":"info","message":"Completed version backup of entry: blt96b09da12fa350e1, version: 2, content type: session","timestamp":"2018-12-07T12:19:19.764Z"}
{"level":"info","message":"Completed version backup of entry: blt96b09da12fa350e1, version: 1, content type: session","timestamp":"2018-12-07T12:19:21.496Z"}
{"level":"info","message":"Completed version backup of entry: blt23e55935275b72af, version: 2, content type: session","timestamp":"2018-12-07T12:19:23.171Z"}
{"level":"info","message":"Completed version backup of entry: blt23e55935275b72af, version: 1, content type: session","timestamp":"2018-12-07T12:19:24.848Z"}
{"level":"info","message":"Completed version backup of entry: blt4d9cf21018f10ca7, version: 2, content type: session","timestamp":"2018-12-07T12:19:26.528Z"}
{"level":"info","message":"Completed version backup of entry: blt4d9cf21018f10ca7, version: 1, content type: session","timestamp":"2018-12-07T12:19:28.230Z"}
{"level":"info","message":"Completed version backup of entry: blt86da9d17a37732cb, version: 2, content type: session","timestamp":"2018-12-07T12:19:29.937Z"}
{"level":"info","message":"Completed version backup of entry: blt86da9d17a37732cb, version: 1, content type: session","timestamp":"2018-12-07T12:19:44.860Z"}
{"level":"info","message":"Completed version backup of entry: blt7a02d98ebd227dee, version: 2, content type: session","timestamp":"2018-12-07T12:19:58.966Z"}
{"level":"info","message":"Completed version backup of entry: blt7a02d98ebd227dee, version: 1, content type: session","timestamp":"2018-12-07T12:20:12.470Z"}
{"level":"info","message":"Completed version backup of entry: blt1d3db98b6cad71fe, version: 2, content type: session","timestamp":"2018-12-07T12:20:22.639Z"}
{"level":"info","message":"Completed version backup of entry: blt1d3db98b6cad71fe, version: 1, content type: session","timestamp":"2018-12-07T12:20:34.582Z"}
{"level":"info","message":"Completed version backup of entry: blt018d3ca225815219, version: 2, content type: session","timestamp":"2018-12-07T12:20:47.080Z"}
{"level":"info","message":"Completed version backup of entry: blt018d3ca225815219, version: 1, content type: session","timestamp":"2018-12-07T12:20:59.743Z"}
{"level":"info","message":"Completed version backup of entry: bltce143445d5d6c251, version: 2, content type: session","timestamp":"2018-12-07T12:21:15.712Z"}
{"level":"info","message":"Completed version backup of entry: bltce143445d5d6c251, version: 1, content type: session","timestamp":"2018-12-07T12:21:26.675Z"}
{"level":"info","message":"Completed version backup of entry: bltca1b60577fe4c75e, version: 2, content type: session","timestamp":"2018-12-07T12:21:38.434Z"}
{"level":"info","message":"Completed version backup of entry: bltca1b60577fe4c75e, version: 1, content type: session","timestamp":"2018-12-07T12:21:48.430Z"}
{"level":"info","message":"Completed version backup of entry: blt6550981f06005e4a, version: 2, content type: session","timestamp":"2018-12-07T12:22:01.113Z"}
{"level":"info","message":"Completed version backup of entry: blt6550981f06005e4a, version: 1, content type: session","timestamp":"2018-12-07T12:22:12.241Z"}
{"level":"info","message":"\u001b[32mCompleted fetching session content type's entries in en-gb locale\u001b[39m","timestamp":"2018-12-07T12:22:28.496Z"}
{"level":"info","message":"Completed version backup of entry: blt310967616ed0bf7b, version: 4, content type: menu","timestamp":"2018-12-07T12:22:49.313Z"}
{"level":"info","message":"Completed version backup of entry: blt310967616ed0bf7b, version: 3, content type: menu","timestamp":"2018-12-07T12:22:58.793Z"}
{"level":"info","message":"Completed version backup of entry: blt310967616ed0bf7b, version: 2, content type: menu","timestamp":"2018-12-07T12:23:07.588Z"}
{"level":"info","message":"Completed version backup of entry: blt310967616ed0bf7b, version: 1, content type: menu","timestamp":"2018-12-07T12:23:16.312Z"}
{"level":"info","message":"Completed version backup of entry: blt239137a9d995ac75, version: 2, content type: menu","timestamp":"2018-12-07T12:23:27.555Z"}
{"level":"info","message":"Completed version backup of entry: blt239137a9d995ac75, version: 1, content type: menu","timestamp":"2018-12-07T12:23:38.370Z"}
{"level":"info","message":"\u001b[32mCompleted fetching menu content type's entries in en-us locale\u001b[39m","timestamp":"2018-12-07T12:23:47.779Z"}
{"level":"info","message":"Completed version backup of entry: blt310967616ed0bf7b, version: 4, content type: menu","timestamp":"2018-12-07T12:24:09.589Z"}
{"level":"info","message":"Completed version backup of entry: blt310967616ed0bf7b, version: 3, content type: menu","timestamp":"2018-12-07T12:24:21.209Z"}
{"level":"info","message":"Completed version backup of entry: blt310967616ed0bf7b, version: 2, content type: menu","timestamp":"2018-12-07T12:24:34.630Z"}
{"level":"info","message":"Completed version backup of entry: blt310967616ed0bf7b, version: 1, content type: menu","timestamp":"2018-12-07T12:24:46.763Z"}
{"level":"info","message":"Completed version backup of entry: blt239137a9d995ac75, version: 2, content type: menu","timestamp":"2018-12-07T12:24:58.824Z"}
{"level":"info","message":"Completed version backup of entry: blt239137a9d995ac75, version: 1, content type: menu","timestamp":"2018-12-07T12:25:09.982Z"}
{"level":"info","message":"\u001b[32mCompleted fetching menu content type's entries in en-gb locale\u001b[39m","timestamp":"2018-12-07T12:25:21.219Z"}
{"level":"info","message":"Completed version backup of entry: blt5b95889e8422ffec, version: 1, content type: track","timestamp":"2018-12-07T12:25:40.207Z"}
{"level":"info","message":"Completed version backup of entry: blt1221e174781cdbdd, version: 1, content type: track","timestamp":"2018-12-07T12:25:50.973Z"}
{"level":"info","message":"Completed version backup of entry: blt94a4fd987e420824, version: 1, content type: track","timestamp":"2018-12-07T12:26:04.584Z"}
{"level":"info","message":"Completed version backup of entry: blteae1b5172b5dc027, version: 1, content type: track","timestamp":"2018-12-07T12:26:20.661Z"}
{"level":"info","message":"Completed version backup of entry: blt18e0f69e7dfd1c61, version: 1, content type: track","timestamp":"2018-12-07T12:26:32.301Z"}
{"level":"info","message":"Completed version backup of entry: blt62e67ba5f289cf9d, version: 1, content type: track","timestamp":"2018-12-07T12:26:43.822Z"}
{"level":"info","message":"Completed version backup of entry: blte532e0f30e7e0906, version: 1, content type: track","timestamp":"2018-12-07T12:26:55.355Z"}
{"level":"info","message":"Completed version backup of entry: blt5366be193fc62878, version: 1, content type: track","timestamp":"2018-12-07T12:27:06.547Z"}
{"level":"info","message":"Completed version backup of entry: blt8d64bab84f3a4ae7, version: 1, content type: track","timestamp":"2018-12-07T12:27:08.520Z"}
{"level":"info","message":"Completed version backup of entry: blt60685af554899da3, version: 1, content type: track","timestamp":"2018-12-07T12:27:10.203Z"}
{"level":"info","message":"Completed version backup of entry: blt8a1a4ec74fd7392a, version: 1, content type: track","timestamp":"2018-12-07T12:27:11.918Z"}
{"level":"info","message":"Completed version backup of entry: blt587e38d1959a7f26, version: 1, content type: track","timestamp":"2018-12-07T12:27:13.618Z"}
{"level":"info","message":"Completed version backup of entry: bltdcb87d4f2ccabf44, version: 1, content type: track","timestamp":"2018-12-07T12:27:16.339Z"}
{"level":"info","message":"Completed version backup of entry: blt9921c83ffc1009fc, version: 1, content type: track","timestamp":"2018-12-07T12:27:18.044Z"}
{"level":"info","message":"Completed version backup of entry: blt2172b018e574e46c, version: 1, content type: track","timestamp":"2018-12-07T12:27:20.719Z"}
{"level":"info","message":"Completed version backup of entry: bltbbf807906ceaeb47, version: 1, content type: track","timestamp":"2018-12-07T12:27:22.421Z"}
{"level":"info","message":"\u001b[32mCompleted fetching track content type's entries in en-us locale\u001b[39m","timestamp":"2018-12-07T12:27:25.342Z"}
{"level":"info","message":"Completed version backup of entry: blt5b95889e8422ffec, version: 1, content type: track","timestamp":"2018-12-07T12:27:28.735Z"}
{"level":"info","message":"Completed version backup of entry: blt1221e174781cdbdd, version: 1, content type: track","timestamp":"2018-12-07T12:27:30.438Z"}
{"level":"info","message":"Completed version backup of entry: blt94a4fd987e420824, version: 1, content type: track","timestamp":"2018-12-07T12:27:32.205Z"}
{"level":"info","message":"Completed version backup of entry: blteae1b5172b5dc027, version: 1, content type: track","timestamp":"2018-12-07T12:27:33.948Z"}
{"level":"info","message":"Completed version backup of entry: blt18e0f69e7dfd1c61, version: 1, content type: track","timestamp":"2018-12-07T12:27:35.734Z"}
{"level":"info","message":"Completed version backup of entry: blt62e67ba5f289cf9d, version: 1, content type: track","timestamp":"2018-12-07T12:27:37.437Z"}
{"level":"info","message":"Completed version backup of entry: blte532e0f30e7e0906, version: 1, content type: track","timestamp":"2018-12-07T12:27:39.133Z"}
{"level":"info","message":"Completed version backup of entry: blt5366be193fc62878, version: 1, content type: track","timestamp":"2018-12-07T12:27:40.993Z"}
{"level":"info","message":"Completed version backup of entry: blt8d64bab84f3a4ae7, version: 1, content type: track","timestamp":"2018-12-07T12:27:42.685Z"}
{"level":"info","message":"Completed version backup of entry: blt60685af554899da3, version: 1, content type: track","timestamp":"2018-12-07T12:27:44.438Z"}
{"level":"info","message":"Completed version backup of entry: blt8a1a4ec74fd7392a, version: 1, content type: track","timestamp":"2018-12-07T12:27:46.222Z"}
{"level":"info","message":"Completed version backup of entry: blt587e38d1959a7f26, version: 1, content type: track","timestamp":"2018-12-07T12:27:47.915Z"}
{"level":"info","message":"Completed version backup of entry: bltdcb87d4f2ccabf44, version: 1, content type: track","timestamp":"2018-12-07T12:27:49.598Z"}
{"level":"info","message":"Completed version backup of entry: blt9921c83ffc1009fc, version: 1, content type: track","timestamp":"2018-12-07T12:27:51.287Z"}
{"level":"info","message":"Completed version backup of entry: blt2172b018e574e46c, version: 1, content type: track","timestamp":"2018-12-07T12:27:52.965Z"}
{"level":"info","message":"Completed version backup of entry: bltbbf807906ceaeb47, version: 1, content type: track","timestamp":"2018-12-07T12:27:54.683Z"}
{"level":"info","message":"\u001b[32mCompleted fetching track content type's entries in en-gb locale\u001b[39m","timestamp":"2018-12-07T12:27:56.366Z"}
{"level":"info","message":"Completed version backup of entry: blt342e7c5476baacc6, version: 1, content type: faq","timestamp":"2018-12-07T12:28:00.703Z"}
{"level":"info","message":"Completed version backup of entry: blt483767999fddee53, version: 1, content type: faq","timestamp":"2018-12-07T12:28:02.410Z"}
{"level":"info","message":"Completed version backup of entry: blt70c9e6bec8f029d6, version: 1, content type: faq","timestamp":"2018-12-07T12:28:05.112Z"}
{"level":"info","message":"\u001b[32mCompleted fetching faq content type's entries in en-us locale\u001b[39m","timestamp":"2018-12-07T12:28:06.798Z"}
{"level":"info","message":"Completed version backup of entry: blt342e7c5476baacc6, version: 1, content type: faq","timestamp":"2018-12-07T12:28:10.193Z"}
{"level":"info","message":"Completed version backup of entry: blt483767999fddee53, version: 1, content type: faq","timestamp":"2018-12-07T12:28:11.889Z"}
{"level":"info","message":"Completed version backup of entry: blt70c9e6bec8f029d6, version: 1, content type: faq","timestamp":"2018-12-07T12:28:13.576Z"}
{"level":"info","message":"\u001b[32mCompleted fetching faq content type's entries in en-gb locale\u001b[39m","timestamp":"2018-12-07T12:28:15.292Z"}
{"level":"info","message":"Completed version backup of entry: bltc0547ff9a2145712, version: 2, content type: application_theme","timestamp":"2018-12-07T12:28:18.778Z"}
{"level":"info","message":"Completed version backup of entry: bltc0547ff9a2145712, version: 1, content type: application_theme","timestamp":"2018-12-07T12:28:20.525Z"}
{"level":"info","message":"\u001b[32mCompleted fetching application_theme content type's entries in en-us locale\u001b[39m","timestamp":"2018-12-07T12:28:22.246Z"}
{"level":"info","message":"Completed version backup of entry: bltc0547ff9a2145712, version: 2, content type: application_theme","timestamp":"2018-12-07T12:28:26.299Z"}
{"level":"info","message":"Completed version backup of entry: bltc0547ff9a2145712, version: 1, content type: application_theme","timestamp":"2018-12-07T12:28:27.986Z"}
{"level":"info","message":"\u001b[32mCompleted fetching application_theme content type's entries in en-gb locale\u001b[39m","timestamp":"2018-12-07T12:28:29.685Z"}
{"level":"info","message":"Completed version backup of entry: blt61a9d4c1dcaf4f64, version: 1, content type: sponsors_exhibitors","timestamp":"2018-12-07T12:28:33.159Z"}
{"level":"info","message":"\u001b[32mCompleted fetching sponsors_exhibitors content type's entries in en-us locale\u001b[39m","timestamp":"2018-12-07T12:28:34.847Z"}
{"level":"info","message":"Completed version backup of entry: blt61a9d4c1dcaf4f64, version: 1, content type: sponsors_exhibitors","timestamp":"2018-12-07T12:28:38.321Z"}
{"level":"info","message":"\u001b[32mCompleted fetching sponsors_exhibitors content type's entries in en-gb locale\u001b[39m","timestamp":"2018-12-07T12:28:40.021Z"}
{"level":"info","message":"Completed version backup of entry: bltf218b4e5361c7ff3, version: 1, content type: menu_items","timestamp":"2018-12-07T12:28:43.417Z"}
{"level":"info","message":"Completed version backup of entry: bltdc353c267541841b, version: 1, content type: menu_items","timestamp":"2018-12-07T12:28:45.385Z"}
{"level":"info","message":"Completed version backup of entry: blt795a4161593ac0dc, version: 1, content type: menu_items","timestamp":"2018-12-07T12:28:47.074Z"}
{"level":"info","message":"Completed version backup of entry: blt0a0063db9d15fe77, version: 1, content type: menu_items","timestamp":"2018-12-07T12:28:48.750Z"}
{"level":"info","message":"Completed version backup of entry: bltef3423117c4d067b, version: 1, content type: menu_items","timestamp":"2018-12-07T12:28:50.443Z"}
{"level":"info","message":"\u001b[32mCompleted fetching menu_items content type's entries in en-us locale\u001b[39m","timestamp":"2018-12-07T12:28:52.701Z"}
{"level":"info","message":"Completed version backup of entry: bltf218b4e5361c7ff3, version: 1, content type: menu_items","timestamp":"2018-12-07T12:28:56.086Z"}
{"level":"info","message":"Completed version backup of entry: bltdc353c267541841b, version: 1, content type: menu_items","timestamp":"2018-12-07T12:28:57.777Z"}
{"level":"info","message":"Completed version backup of entry: blt795a4161593ac0dc, version: 1, content type: menu_items","timestamp":"2018-12-07T12:28:59.802Z"}
{"level":"info","message":"Completed version backup of entry: blt0a0063db9d15fe77, version: 1, content type: menu_items","timestamp":"2018-12-07T12:29:01.769Z"}
{"level":"info","message":"Completed version backup of entry: bltef3423117c4d067b, version: 1, content type: menu_items","timestamp":"2018-12-07T12:29:04.284Z"}
{"level":"info","message":"\u001b[32mCompleted fetching menu_items content type's entries in en-gb locale\u001b[39m","timestamp":"2018-12-07T12:29:06.005Z"}
{"level":"info","message":"Completed version backup of entry: blt92addfb8d844b761, version: 1, content type: conference","timestamp":"2018-12-07T12:29:09.414Z"}
{"level":"info","message":"\u001b[32mCompleted fetching conference content type's entries in en-us locale\u001b[39m","timestamp":"2018-12-07T12:29:11.166Z"}
{"level":"info","message":"Completed version backup of entry: blt92addfb8d844b761, version: 1, content type: conference","timestamp":"2018-12-07T12:29:14.572Z"}
{"level":"info","message":"\u001b[32mCompleted fetching conference content type's entries in en-gb locale\u001b[39m","timestamp":"2018-12-07T12:29:16.932Z"}
{"level":"info","message":"Completed version backup of entry: blt1d516b9cb6da8f65, version: 1, content type: room","timestamp":"2018-12-07T12:29:20.343Z"}
{"level":"info","message":"Completed version backup of entry: blt37e633f9a0808f96, version: 1, content type: room","timestamp":"2018-12-07T12:29:22.042Z"}
{"level":"info","message":"Completed version backup of entry: bltd297643cb1ad9baa, version: 1, content type: room","timestamp":"2018-12-07T12:29:23.757Z"}
{"level":"info","message":"Completed version backup of entry: blt4380b891ae8dc307, version: 1, content type: room","timestamp":"2018-12-07T12:29:25.463Z"}
{"level":"info","message":"Completed version backup of entry: blta6bf9bff111a7124, version: 1, content type: room","timestamp":"2018-12-07T12:29:27.266Z"}
{"level":"info","message":"Completed version backup of entry: blt4858341784647509, version: 1, content type: room","timestamp":"2018-12-07T12:29:28.999Z"}
{"level":"info","message":"Completed version backup of entry: blt2589980af3e20643, version: 1, content type: room","timestamp":"2018-12-07T12:29:30.748Z"}
{"level":"info","message":"Completed version backup of entry: bltceafc09d2b48c2db, version: 1, content type: room","timestamp":"2018-12-07T12:29:33.327Z"}
{"level":"info","message":"Completed version backup of entry: blt78b4d02da5b52fd5, version: 1, content type: room","timestamp":"2018-12-07T12:29:35.307Z"}
{"level":"info","message":"Completed version backup of entry: bltaec151e7b111d6d9, version: 1, content type: room","timestamp":"2018-12-07T12:29:37.131Z"}
{"level":"info","message":"Completed version backup of entry: bltd7b95453aec2fad9, version: 1, content type: room","timestamp":"2018-12-07T12:29:38.905Z"}
{"level":"info","message":"Completed version backup of entry: blt338464bf155eb0bf, version: 1, content type: room","timestamp":"2018-12-07T12:29:40.597Z"}
{"level":"info","message":"Completed version backup of entry: blt16d673acd93d4bd3, version: 1, content type: room","timestamp":"2018-12-07T12:29:42.289Z"}
{"level":"info","message":"Completed version backup of entry: bltb6c3c6eee679753f, version: 1, content type: room","timestamp":"2018-12-07T12:29:43.989Z"}
{"level":"info","message":"Completed version backup of entry: blt94b7bf6ea417cfe7, version: 1, content type: room","timestamp":"2018-12-07T12:29:45.679Z"}
{"level":"info","message":"Completed version backup of entry: blt3bdf9d0138befa47, version: 1, content type: room","timestamp":"2018-12-07T12:29:47.368Z"}
{"level":"info","message":"Completed version backup of entry: blte3e7c1aa9a8e29f1, version: 1, content type: room","timestamp":"2018-12-07T12:29:49.061Z"}
{"level":"info","message":"Completed version backup of entry: blt92871d69396b490d, version: 1, content type: room","timestamp":"2018-12-07T12:29:50.763Z"}
{"level":"info","message":"Completed version backup of entry: blt70849c0ccfaac0ad, version: 1, content type: room","timestamp":"2018-12-07T12:29:54.302Z"}
{"level":"info","message":"Completed version backup of entry: bltdbedf9b343ea8c41, version: 1, content type: room","timestamp":"2018-12-07T12:29:56.066Z"}
{"level":"info","message":"Completed version backup of entry: blt752ef85ac3fb079a, version: 1, content type: room","timestamp":"2018-12-07T12:29:57.748Z"}
{"level":"info","message":"Completed version backup of entry: bltd954a3327e2f84de, version: 1, content type: room","timestamp":"2018-12-07T12:29:59.444Z"}
{"level":"info","message":"Completed version backup of entry: blte5b4ee0d94f5af19, version: 1, content type: room","timestamp":"2018-12-07T12:30:01.215Z"}
{"level":"info","message":"Completed version backup of entry: blt68974963bbcac550, version: 1, content type: room","timestamp":"2018-12-07T12:30:04.233Z"}
{"level":"info","message":"Completed version backup of entry: blt08538dbac8f0dd13, version: 1, content type: room","timestamp":"2018-12-07T12:30:05.958Z"}
{"level":"info","message":"Completed version backup of entry: blt36d1c5d45bde4e35, version: 1, content type: room","timestamp":"2018-12-07T12:30:07.751Z"}
{"level":"info","message":"Completed version backup of entry: blta3c17c8b1ab1e034, version: 1, content type: room","timestamp":"2018-12-07T12:30:10.434Z"}
{"level":"info","message":"Completed version backup of entry: blt2cf8f88de85fdd3d, version: 1, content type: room","timestamp":"2018-12-07T12:30:12.297Z"}
{"level":"info","message":"Completed version backup of entry: blt861217f125f309ab, version: 1, content type: room","timestamp":"2018-12-07T12:30:14.101Z"}
{"level":"info","message":"\u001b[32mCompleted fetching room content type's entries in en-us locale\u001b[39m","timestamp":"2018-12-07T12:30:15.778Z"}
{"level":"info","message":"Completed version backup of entry: blt1d516b9cb6da8f65, version: 1, content type: room","timestamp":"2018-12-07T12:30:19.216Z"}
{"level":"info","message":"Completed version backup of entry: blt37e633f9a0808f96, version: 1, content type: room","timestamp":"2018-12-07T12:30:22.049Z"}
{"level":"info","message":"Completed version backup of entry: bltd297643cb1ad9baa, version: 1, content type: room","timestamp":"2018-12-07T12:30:23.737Z"}
{"level":"info","message":"Completed version backup of entry: blt4380b891ae8dc307, version: 1, content type: room","timestamp":"2018-12-07T12:30:25.461Z"}
{"level":"info","message":"Completed version backup of entry: blta6bf9bff111a7124, version: 1, content type: room","timestamp":"2018-12-07T12:30:28.278Z"}
{"level":"info","message":"Completed version backup of entry: blt4858341784647509, version: 1, content type: room","timestamp":"2018-12-07T12:30:30.026Z"}
{"level":"info","message":"Completed version backup of entry: blt2589980af3e20643, version: 1, content type: room","timestamp":"2018-12-07T12:30:31.739Z"}
{"level":"info","message":"Completed version backup of entry: bltceafc09d2b48c2db, version: 1, content type: room","timestamp":"2018-12-07T12:30:33.478Z"}
{"level":"info","message":"Completed version backup of entry: blt78b4d02da5b52fd5, version: 1, content type: room","timestamp":"2018-12-07T12:30:35.211Z"}
{"level":"info","message":"Completed version backup of entry: bltaec151e7b111d6d9, version: 1, content type: room","timestamp":"2018-12-07T12:30:36.917Z"}
{"level":"info","message":"Completed version backup of entry: bltd7b95453aec2fad9, version: 1, content type: room","timestamp":"2018-12-07T12:30:38.752Z"}
{"level":"info","message":"Completed version backup of entry: blt338464bf155eb0bf, version: 1, content type: room","timestamp":"2018-12-07T12:30:40.450Z"}
{"level":"info","message":"Completed version backup of entry: blt16d673acd93d4bd3, version: 1, content type: room","timestamp":"2018-12-07T12:30:42.177Z"}
{"level":"info","message":"Completed version backup of entry: bltb6c3c6eee679753f, version: 1, content type: room","timestamp":"2018-12-07T12:30:43.997Z"}
{"level":"info","message":"Completed version backup of entry: blt94b7bf6ea417cfe7, version: 1, content type: room","timestamp":"2018-12-07T12:30:45.718Z"}
{"level":"info","message":"Completed version backup of entry: blt3bdf9d0138befa47, version: 1, content type: room","timestamp":"2018-12-07T12:30:50.155Z"}
{"level":"info","message":"Completed version backup of entry: blte3e7c1aa9a8e29f1, version: 1, content type: room","timestamp":"2018-12-07T12:30:51.848Z"}
{"level":"info","message":"Completed version backup of entry: blt92871d69396b490d, version: 1, content type: room","timestamp":"2018-12-07T12:30:53.535Z"}
{"level":"info","message":"Completed version backup of entry: blt70849c0ccfaac0ad, version: 1, content type: room","timestamp":"2018-12-07T12:30:55.236Z"}
{"level":"info","message":"Completed version backup of entry: bltdbedf9b343ea8c41, version: 1, content type: room","timestamp":"2018-12-07T12:30:56.939Z"}
{"level":"info","message":"Completed version backup of entry: blt752ef85ac3fb079a, version: 1, content type: room","timestamp":"2018-12-07T12:30:58.620Z"}
{"level":"info","message":"Completed version backup of entry: bltd954a3327e2f84de, version: 1, content type: room","timestamp":"2018-12-07T12:31:00.329Z"}
{"level":"info","message":"Completed version backup of entry: blte5b4ee0d94f5af19, version: 1, content type: room","timestamp":"2018-12-07T12:31:02.374Z"}
{"level":"info","message":"Completed version backup of entry: blt68974963bbcac550, version: 1, content type: room","timestamp":"2018-12-07T12:31:04.356Z"}
{"level":"info","message":"Completed version backup of entry: blt08538dbac8f0dd13, version: 1, content type: room","timestamp":"2018-12-07T12:31:06.044Z"}
{"level":"info","message":"Completed version backup of entry: blt36d1c5d45bde4e35, version: 1, content type: room","timestamp":"2018-12-07T12:31:07.729Z"}
{"level":"info","message":"Completed version backup of entry: blta3c17c8b1ab1e034, version: 1, content type: room","timestamp":"2018-12-07T12:31:09.426Z"}
{"level":"info","message":"Completed version backup of entry: blt2cf8f88de85fdd3d, version: 1, content type: room","timestamp":"2018-12-07T12:31:12.279Z"}
{"level":"info","message":"Completed version backup of entry: blt861217f125f309ab, version: 1, content type: room","timestamp":"2018-12-07T12:31:13.977Z"}
{"level":"info","message":"\u001b[32mCompleted fetching room content type's entries in en-gb locale\u001b[39m","timestamp":"2018-12-07T12:31:15.668Z"}
{"level":"info","message":"Completed version backup of entry: blt8fc2076a51af8a16, version: 1, content type: speaker","timestamp":"2018-12-07T12:31:19.198Z"}
{"level":"info","message":"Completed version backup of entry: blt47b3834af0205025, version: 1, content type: speaker","timestamp":"2018-12-07T12:31:20.906Z"}
{"level":"info","message":"Completed version backup of entry: blteeb4b7e0f6146435, version: 1, content type: speaker","timestamp":"2018-12-07T12:31:23.256Z"}
{"level":"info","message":"\u001b[34mStarting entry migration\u001b[39m","timestamp":"2018-12-07T12:34:50.956Z"}
{"level":"info","message":"Completed version backup of entry: blt0607e9126d133744, version: 1, content type: section","timestamp":"2018-12-07T12:34:55.297Z"}
{"level":"info","message":"Completed version backup of entry: bltcf09ddb263758fa4, version: 1, content type: section","timestamp":"2018-12-07T12:34:56.997Z"}
{"level":"info","message":"\u001b[32mCompleted fetching section content type's entries in en-gb locale\u001b[39m","timestamp":"2018-12-07T12:34:58.706Z"}
{"level":"info","message":"Completed version backup of entry: blt6890221a965baca7, version: 2, content type: session","timestamp":"2018-12-07T12:35:04.164Z"}
{"level":"info","message":"Completed version backup of entry: blt6890221a965baca7, version: 1, content type: session","timestamp":"2018-12-07T12:35:05.872Z"}
{"level":"info","message":"Completed version backup of entry: bltb3e746c160783663, version: 2, content type: session","timestamp":"2018-12-07T12:35:07.567Z"}
{"level":"info","message":"Completed version backup of entry: bltb3e746c160783663, version: 1, content type: session","timestamp":"2018-12-07T12:35:09.242Z"}
{"level":"info","message":"Completed version backup of entry: blt623852a6d4abefa2, version: 2, content type: session","timestamp":"2018-12-07T12:35:10.945Z"}
{"level":"info","message":"Completed version backup of entry: blt623852a6d4abefa2, version: 1, content type: session","timestamp":"2018-12-07T12:35:12.683Z"}
{"level":"info","message":"Completed version backup of entry: bltf7995a699a1a3bd6, version: 2, content type: session","timestamp":"2018-12-07T12:35:14.445Z"}
{"level":"info","message":"Completed version backup of entry: bltf7995a699a1a3bd6, version: 1, content type: session","timestamp":"2018-12-07T12:35:17.535Z"}
{"level":"info","message":"Completed version backup of entry: blt685e557fa1b4f709, version: 2, content type: session","timestamp":"2018-12-07T12:35:19.505Z"}
{"level":"info","message":"Completed version backup of entry: blt685e557fa1b4f709, version: 1, content type: session","timestamp":"2018-12-07T12:35:21.279Z"}
{"level":"info","message":"Completed version backup of entry: blt338db7d268edb93c, version: 2, content type: session","timestamp":"2018-12-07T12:35:23.105Z"}
{"level":"info","message":"Completed version backup of entry: blt338db7d268edb93c, version: 1, content type: session","timestamp":"2018-12-07T12:35:24.877Z"}
{"level":"info","message":"Completed version backup of entry: blta25b4da778834eba, version: 2, content type: session","timestamp":"2018-12-07T12:35:26.639Z"}
{"level":"info","message":"Completed version backup of entry: blta25b4da778834eba, version: 1, content type: session","timestamp":"2018-12-07T12:35:28.393Z"}
{"level":"info","message":"Completed version backup of entry: blt3b965e8d65902bf6, version: 2, content type: session","timestamp":"2018-12-07T12:35:30.173Z"}
{"level":"info","message":"Completed version backup of entry: blt3b965e8d65902bf6, version: 1, content type: session","timestamp":"2018-12-07T12:35:32.812Z"}
{"level":"info","message":"Completed version backup of entry: blteeee16f727860cfc, version: 2, content type: session","timestamp":"2018-12-07T12:35:34.557Z"}
{"level":"info","message":"Completed version backup of entry: blteeee16f727860cfc, version: 1, content type: session","timestamp":"2018-12-07T12:35:36.686Z"}
{"level":"info","message":"Completed version backup of entry: bltbe9640817efeebd2, version: 2, content type: session","timestamp":"2018-12-07T12:35:38.572Z"}
{"level":"info","message":"Completed version backup of entry: bltbe9640817efeebd2, version: 1, content type: session","timestamp":"2018-12-07T12:35:40.321Z"}
{"level":"info","message":"Completed version backup of entry: blta267b987293299c8, version: 2, content type: session","timestamp":"2018-12-07T12:35:42.118Z"}
{"level":"info","message":"Completed version backup of entry: blta267b987293299c8, version: 1, content type: session","timestamp":"2018-12-07T12:35:43.884Z"}
{"level":"info","message":"Completed version backup of entry: bltf50c9e5fbef25393, version: 2, content type: session","timestamp":"2018-12-07T12:35:46.298Z"}
{"level":"info","message":"Completed version backup of entry: bltf50c9e5fbef25393, version: 1, content type: session","timestamp":"2018-12-07T12:35:49.634Z"}
{"level":"info","message":"Completed version backup of entry: bltb30cb52c2493b72e, version: 2, content type: session","timestamp":"2018-12-07T12:35:52.769Z"}
{"level":"info","message":"Completed version backup of entry: bltb30cb52c2493b72e, version: 1, content type: session","timestamp":"2018-12-07T12:35:54.503Z"}
{"level":"info","message":"Completed version backup of entry: blt5c82d08362a22670, version: 2, content type: session","timestamp":"2018-12-07T12:35:56.293Z"}
{"level":"info","message":"Completed version backup of entry: blt5c82d08362a22670, version: 1, content type: session","timestamp":"2018-12-07T12:35:57.978Z"}
{"level":"info","message":"Completed version backup of entry: blte29010dfd28ffed6, version: 2, content type: session","timestamp":"2018-12-07T12:36:01.355Z"}
{"level":"info","message":"Completed version backup of entry: blte29010dfd28ffed6, version: 1, content type: session","timestamp":"2018-12-07T12:36:03.345Z"}
